{"/home/jevdev2304/Documents/UdeM/06-semestre/desarrollo-web/Api_Mercury/mercury-api/src/app.controller.ts": {"path":"/home/jevdev2304/Documents/UdeM/06-semestre/desarrollo-web/Api_Mercury/mercury-api/src/app.controller.ts","statementMap":{"0":{"start":{"line":1,"column":0},"end":{"line":1,"column":49}},"1":{"start":{"line":2,"column":0},"end":{"line":2,"column":43}},"2":{"start":{"line":5,"column":7},"end":{"line":12,"column":null}},"3":{"start":{"line":6,"column":31},"end":{"line":6,"column":43}},"4":{"start":{"line":10,"column":4},"end":{"line":10,"column":38}},"5":{"start":{"line":5,"column":13},"end":{"line":5,"column":26}},"6":{"start":{"line":9,"column":2},"end":{"line":11,"column":null}},"7":{"start":{"line":5,"column":13},"end":{"line":12,"column":null}}},"fnMap":{"0":{"name":"(anonymous_2)","decl":{"start":{"line":6,"column":2},"end":{"line":6,"column":31}},"loc":{"start":{"line":6,"column":53},"end":{"line":6,"column":57}}},"1":{"name":"(anonymous_3)","decl":{"start":{"line":9,"column":2},"end":{"line":9,"column":10}},"loc":{"start":{"line":9,"column":10},"end":{"line":11,"column":3}}}},"branchMap":{},"s":{"0":0,"1":0,"2":0,"3":0,"4":0,"5":0,"6":0,"7":0},"f":{"0":0,"1":0},"b":{}}
,"/home/jevdev2304/Documents/UdeM/06-semestre/desarrollo-web/Api_Mercury/mercury-api/src/app.service.ts": {"path":"/home/jevdev2304/Documents/UdeM/06-semestre/desarrollo-web/Api_Mercury/mercury-api/src/app.service.ts","statementMap":{"0":{"start":{"line":1,"column":0},"end":{"line":1,"column":44}},"1":{"start":{"line":4,"column":7},"end":{"line":8,"column":null}},"2":{"start":{"line":6,"column":4},"end":{"line":6,"column":26}},"3":{"start":{"line":4,"column":13},"end":{"line":4,"column":23}},"4":{"start":{"line":4,"column":13},"end":{"line":8,"column":null}}},"fnMap":{"0":{"name":"(anonymous_1)","decl":{"start":{"line":5,"column":2},"end":{"line":5,"column":10}},"loc":{"start":{"line":5,"column":10},"end":{"line":7,"column":3}}}},"branchMap":{},"s":{"0":0,"1":0,"2":0,"3":0,"4":0},"f":{"0":0},"b":{}}
,"/home/jevdev2304/Documents/UdeM/06-semestre/desarrollo-web/Api_Mercury/mercury-api/src/artist/controllers/artist/artist.controller.ts": {"path":"/home/jevdev2304/Documents/UdeM/06-semestre/desarrollo-web/Api_Mercury/mercury-api/src/artist/controllers/artist/artist.controller.ts","statementMap":{"0":{"start":{"line":1,"column":0},"end":{"line":1,"column":83}},"1":{"start":{"line":2,"column":0},"end":{"line":2,"column":64}},"2":{"start":{"line":3,"column":0},"end":{"line":3,"column":67}},"3":{"start":{"line":7,"column":0},"end":{"line":7,"column":57}},"4":{"start":{"line":8,"column":0},"end":{"line":8,"column":68}},"5":{"start":{"line":9,"column":0},"end":{"line":9,"column":68}},"6":{"start":{"line":13,"column":7},"end":{"line":60,"column":null}},"7":{"start":{"line":14,"column":33},"end":{"line":14,"column":48}},"8":{"start":{"line":19,"column":29},"end":{"line":19,"column":83}},"9":{"start":{"line":20,"column":12},"end":{"line":20,"column":null}},"10":{"start":{"line":28,"column":29},"end":{"line":28,"column":81}},"11":{"start":{"line":29,"column":12},"end":{"line":29,"column":null}},"12":{"start":{"line":41,"column":34},"end":{"line":41,"column":56}},"13":{"start":{"line":42,"column":27},"end":{"line":42,"column":83}},"14":{"start":{"line":43,"column":38},"end":{"line":43,"column":46}},"15":{"start":{"line":44,"column":10},"end":{"line":44,"column":22}},"16":{"start":{"line":56,"column":31},"end":{"line":56,"column":88}},"17":{"start":{"line":57,"column":14},"end":{"line":57,"column":30}},"18":{"start":{"line":13,"column":13},"end":{"line":13,"column":29}},"19":{"start":{"line":18,"column":10},"end":{"line":22,"column":null}},"20":{"start":{"line":27,"column":10},"end":{"line":30,"column":null}},"21":{"start":{"line":37,"column":10},"end":{"line":45,"column":null}},"22":{"start":{"line":53,"column":14},"end":{"line":58,"column":null}},"23":{"start":{"line":13,"column":13},"end":{"line":60,"column":null}}},"fnMap":{"0":{"name":"(anonymous_4)","decl":{"start":{"line":14,"column":4},"end":{"line":14,"column":33}},"loc":{"start":{"line":14,"column":61},"end":{"line":14,"column":65}}},"1":{"name":"(anonymous_5)","decl":{"start":{"line":18,"column":4},"end":{"line":18,"column":9}},"loc":{"start":{"line":18,"column":62},"end":{"line":22,"column":9}}},"2":{"name":"(anonymous_6)","decl":{"start":{"line":27,"column":4},"end":{"line":27,"column":9}},"loc":{"start":{"line":27,"column":60},"end":{"line":30,"column":9}}},"3":{"name":"(anonymous_7)","decl":{"start":{"line":37,"column":4},"end":{"line":37,"column":9}},"loc":{"start":{"line":38,"column":39},"end":{"line":45,"column":9}}},"4":{"name":"(anonymous_8)","decl":{"start":{"line":53,"column":8},"end":{"line":53,"column":13}},"loc":{"start":{"line":54,"column":36},"end":{"line":58,"column":13}}}},"branchMap":{},"s":{"0":0,"1":0,"2":0,"3":0,"4":0,"5":0,"6":0,"7":0,"8":0,"9":0,"10":0,"11":0,"12":0,"13":0,"14":0,"15":0,"16":0,"17":0,"18":0,"19":0,"20":0,"21":0,"22":0,"23":0},"f":{"0":0,"1":0,"2":0,"3":0,"4":0},"b":{}}
,"/home/jevdev2304/Documents/UdeM/06-semestre/desarrollo-web/Api_Mercury/mercury-api/src/artist/services/artist.service.ts": {"path":"/home/jevdev2304/Documents/UdeM/06-semestre/desarrollo-web/Api_Mercury/mercury-api/src/artist/services/artist.service.ts","statementMap":{"0":{"start":{"line":1,"column":0},"end":{"line":1,"column":159}},"1":{"start":{"line":2,"column":0},"end":{"line":2,"column":66}},"2":{"start":{"line":5,"column":0},"end":{"line":5,"column":64}},"3":{"start":{"line":8,"column":7},"end":{"line":177,"column":null}},"4":{"start":{"line":9,"column":33},"end":{"line":9,"column":50}},"5":{"start":{"line":10,"column":23},"end":{"line":10,"column":36}},"6":{"start":{"line":13,"column":8},"end":{"line":13,"column":null}},"7":{"start":{"line":16,"column":8},"end":{"line":16,"column":65}},"8":{"start":{"line":17,"column":8},"end":{"line":17,"column":null}},"9":{"start":{"line":18,"column":8},"end":{"line":25,"column":9}},"10":{"start":{"line":19,"column":25},"end":{"line":19,"column":83}},"11":{"start":{"line":20,"column":10},"end":{"line":20,"column":24}},"12":{"start":{"line":23,"column":10},"end":{"line":23,"column":null}},"13":{"start":{"line":24,"column":10},"end":{"line":24,"column":null}},"14":{"start":{"line":30,"column":4},"end":{"line":30,"column":58}},"15":{"start":{"line":31,"column":4},"end":{"line":31,"column":null}},"16":{"start":{"line":32,"column":4},"end":{"line":52,"column":5}},"17":{"start":{"line":33,"column":21},"end":{"line":33,"column":79}},"18":{"start":{"line":34,"column":6},"end":{"line":43,"column":7}},"19":{"start":{"line":35,"column":8},"end":{"line":35,"column":30}},"20":{"start":{"line":37,"column":11},"end":{"line":43,"column":7}},"21":{"start":{"line":38,"column":8},"end":{"line":38,"column":null}},"22":{"start":{"line":42,"column":8},"end":{"line":42,"column":null}},"23":{"start":{"line":47,"column":6},"end":{"line":49,"column":7}},"24":{"start":{"line":48,"column":8},"end":{"line":48,"column":66}},"25":{"start":{"line":50,"column":6},"end":{"line":50,"column":null}},"26":{"start":{"line":51,"column":6},"end":{"line":51,"column":74}},"27":{"start":{"line":59,"column":4},"end":{"line":66,"column":5}},"28":{"start":{"line":60,"column":6},"end":{"line":60,"column":111}},"29":{"start":{"line":61,"column":27},"end":{"line":61,"column":77}},"30":{"start":{"line":62,"column":6},"end":{"line":62,"column":89}},"31":{"start":{"line":64,"column":6},"end":{"line":64,"column":98}},"32":{"start":{"line":65,"column":6},"end":{"line":65,"column":60}},"33":{"start":{"line":67,"column":4},"end":{"line":87,"column":5}},"34":{"start":{"line":68,"column":21},"end":{"line":68,"column":93}},"35":{"start":{"line":69,"column":6},"end":{"line":69,"column":20}},"36":{"start":{"line":72,"column":6},"end":{"line":85,"column":9}},"37":{"start":{"line":73,"column":8},"end":{"line":75,"column":9}},"38":{"start":{"line":74,"column":10},"end":{"line":74,"column":48}},"39":{"start":{"line":77,"column":11},"end":{"line":85,"column":9}},"40":{"start":{"line":78,"column":12},"end":{"line":78,"column":91}},"41":{"start":{"line":80,"column":13},"end":{"line":85,"column":9}},"42":{"start":{"line":81,"column":12},"end":{"line":81,"column":63}},"43":{"start":{"line":84,"column":12},"end":{"line":84,"column":null}},"44":{"start":{"line":92,"column":4},"end":{"line":94,"column":5}},"45":{"start":{"line":93,"column":6},"end":{"line":93,"column":79}},"46":{"start":{"line":95,"column":31},"end":{"line":95,"column":68}},"47":{"start":{"line":96,"column":4},"end":{"line":96,"column":36}},"48":{"start":{"line":98,"column":4},"end":{"line":100,"column":5}},"49":{"start":{"line":99,"column":8},"end":{"line":99,"column":72}},"50":{"start":{"line":101,"column":4},"end":{"line":101,"column":null}},"51":{"start":{"line":102,"column":37},"end":{"line":102,"column":44}},"52":{"start":{"line":103,"column":4},"end":{"line":103,"column":34}},"53":{"start":{"line":106,"column":19},"end":{"line":106,"column":64}},"54":{"start":{"line":107,"column":4},"end":{"line":107,"column":24}},"55":{"start":{"line":110,"column":24},"end":{"line":118,"column":6}},"56":{"start":{"line":121,"column":25},"end":{"line":128,"column":6}},"57":{"start":{"line":131,"column":4},"end":{"line":144,"column":5}},"58":{"start":{"line":132,"column":6},"end":{"line":132,"column":79}},"59":{"start":{"line":135,"column":6},"end":{"line":143,"column":7}},"60":{"start":{"line":136,"column":8},"end":{"line":136,"column":null}},"61":{"start":{"line":138,"column":11},"end":{"line":143,"column":7}},"62":{"start":{"line":139,"column":8},"end":{"line":139,"column":59}},"63":{"start":{"line":142,"column":8},"end":{"line":142,"column":null}},"64":{"start":{"line":146,"column":4},"end":{"line":146,"column":43}},"65":{"start":{"line":152,"column":2},"end":{"line":152,"column":61}},"66":{"start":{"line":153,"column":2},"end":{"line":153,"column":28}},"67":{"start":{"line":154,"column":24},"end":{"line":154,"column":35}},"68":{"start":{"line":155,"column":2},"end":{"line":155,"column":26}},"69":{"start":{"line":157,"column":2},"end":{"line":172,"column":3}},"70":{"start":{"line":158,"column":19},"end":{"line":160,"column":null}},"71":{"start":{"line":163,"column":4},"end":{"line":165,"column":5}},"72":{"start":{"line":164,"column":6},"end":{"line":164,"column":25}},"73":{"start":{"line":168,"column":6},"end":{"line":170,"column":8}},"74":{"start":{"line":8,"column":13},"end":{"line":8,"column":26}},"75":{"start":{"line":8,"column":13},"end":{"line":177,"column":null}}},"fnMap":{"0":{"name":"(anonymous_2)","decl":{"start":{"line":9,"column":4},"end":{"line":9,"column":33}},"loc":{"start":{"line":10,"column":47},"end":{"line":11,"column":8}}},"1":{"name":"(anonymous_3)","decl":{"start":{"line":12,"column":4},"end":{"line":12,"column":9}},"loc":{"start":{"line":12,"column":41},"end":{"line":26,"column":1}}},"2":{"name":"(anonymous_4)","decl":{"start":{"line":27,"column":0},"end":{"line":27,"column":5}},"loc":{"start":{"line":27,"column":31},"end":{"line":54,"column":3}}},"3":{"name":"(anonymous_5)","decl":{"start":{"line":56,"column":0},"end":{"line":56,"column":5}},"loc":{"start":{"line":56,"column":40},"end":{"line":89,"column":3}}},"4":{"name":"(anonymous_6)","decl":{"start":{"line":91,"column":2},"end":{"line":91,"column":7}},"loc":{"start":{"line":91,"column":45},"end":{"line":147,"column":1}}},"5":{"name":"(anonymous_7)","decl":{"start":{"line":149,"column":0},"end":{"line":149,"column":5}},"loc":{"start":{"line":149,"column":45},"end":{"line":173,"column":1}}}},"branchMap":{"0":{"loc":{"start":{"line":34,"column":6},"end":{"line":43,"column":7}},"type":"if","locations":[{"start":{"line":34,"column":6},"end":{"line":43,"column":7}},{"start":{"line":37,"column":11},"end":{"line":43,"column":7}}]},"1":{"loc":{"start":{"line":37,"column":11},"end":{"line":43,"column":7}},"type":"if","locations":[{"start":{"line":37,"column":11},"end":{"line":43,"column":7}},{"start":{"line":41,"column":6},"end":{"line":43,"column":7}}]},"2":{"loc":{"start":{"line":47,"column":6},"end":{"line":49,"column":7}},"type":"if","locations":[{"start":{"line":47,"column":6},"end":{"line":49,"column":7}}]},"3":{"loc":{"start":{"line":59,"column":4},"end":{"line":66,"column":5}},"type":"if","locations":[{"start":{"line":59,"column":4},"end":{"line":66,"column":5}},{"start":{"line":63,"column":11},"end":{"line":66,"column":5}}]},"4":{"loc":{"start":{"line":72,"column":6},"end":{"line":85,"column":9}},"type":"if","locations":[{"start":{"line":72,"column":6},"end":{"line":85,"column":9}},{"start":{"line":77,"column":11},"end":{"line":85,"column":9}}]},"5":{"loc":{"start":{"line":77,"column":11},"end":{"line":85,"column":9}},"type":"if","locations":[{"start":{"line":77,"column":11},"end":{"line":85,"column":9}},{"start":{"line":80,"column":13},"end":{"line":85,"column":9}}]},"6":{"loc":{"start":{"line":80,"column":13},"end":{"line":85,"column":9}},"type":"if","locations":[{"start":{"line":80,"column":13},"end":{"line":85,"column":9}},{"start":{"line":83,"column":13},"end":{"line":85,"column":9}}]},"7":{"loc":{"start":{"line":80,"column":17},"end":{"line":80,"column":55}},"type":"binary-expr","locations":[{"start":{"line":80,"column":17},"end":{"line":80,"column":34}},{"start":{"line":80,"column":38},"end":{"line":80,"column":55}}]},"8":{"loc":{"start":{"line":92,"column":4},"end":{"line":94,"column":5}},"type":"if","locations":[{"start":{"line":92,"column":4},"end":{"line":94,"column":5}}]},"9":{"loc":{"start":{"line":98,"column":4},"end":{"line":100,"column":5}},"type":"if","locations":[{"start":{"line":98,"column":4},"end":{"line":100,"column":5}}]},"10":{"loc":{"start":{"line":135,"column":6},"end":{"line":143,"column":7}},"type":"if","locations":[{"start":{"line":135,"column":6},"end":{"line":143,"column":7}},{"start":{"line":138,"column":11},"end":{"line":143,"column":7}}]},"11":{"loc":{"start":{"line":138,"column":11},"end":{"line":143,"column":7}},"type":"if","locations":[{"start":{"line":138,"column":11},"end":{"line":143,"column":7}},{"start":{"line":141,"column":11},"end":{"line":143,"column":7}}]},"12":{"loc":{"start":{"line":138,"column":15},"end":{"line":138,"column":53}},"type":"binary-expr","locations":[{"start":{"line":138,"column":15},"end":{"line":138,"column":32}},{"start":{"line":138,"column":36},"end":{"line":138,"column":53}}]},"13":{"loc":{"start":{"line":163,"column":4},"end":{"line":165,"column":5}},"type":"if","locations":[{"start":{"line":163,"column":4},"end":{"line":165,"column":5}}]}},"s":{"0":1,"1":1,"2":1,"3":1,"4":0,"5":0,"6":0,"7":0,"8":0,"9":0,"10":0,"11":0,"12":0,"13":0,"14":0,"15":0,"16":0,"17":0,"18":0,"19":0,"20":0,"21":0,"22":0,"23":0,"24":0,"25":0,"26":0,"27":0,"28":0,"29":0,"30":0,"31":0,"32":0,"33":0,"34":0,"35":0,"36":0,"37":0,"38":0,"39":0,"40":0,"41":0,"42":0,"43":0,"44":0,"45":0,"46":0,"47":0,"48":0,"49":0,"50":0,"51":0,"52":0,"53":0,"54":0,"55":0,"56":0,"57":0,"58":0,"59":0,"60":0,"61":0,"62":0,"63":0,"64":0,"65":0,"66":0,"67":0,"68":0,"69":0,"70":0,"71":0,"72":0,"73":0,"74":1,"75":1},"f":{"0":0,"1":0,"2":0,"3":0,"4":0,"5":0},"b":{"0":[0,0],"1":[0,0],"2":[0],"3":[0,0],"4":[0,0],"5":[0,0],"6":[0,0],"7":[0,0],"8":[0],"9":[0],"10":[0,0],"11":[0,0],"12":[0,0],"13":[0]}}
,"/home/jevdev2304/Documents/UdeM/06-semestre/desarrollo-web/Api_Mercury/mercury-api/src/auth/controllers/auth.controller.ts": {"path":"/home/jevdev2304/Documents/UdeM/06-semestre/desarrollo-web/Api_Mercury/mercury-api/src/auth/controllers/auth.controller.ts","statementMap":{"0":{"start":{"line":1,"column":0},"end":{"line":1,"column":70}},"1":{"start":{"line":2,"column":0},"end":{"line":2,"column":55}},"2":{"start":{"line":3,"column":0},"end":{"line":3,"column":60}},"3":{"start":{"line":4,"column":0},"end":{"line":4,"column":42}},"4":{"start":{"line":8,"column":7},"end":{"line":17,"column":null}},"5":{"start":{"line":9,"column":34},"end":{"line":9,"column":47}},"6":{"start":{"line":14,"column":19},"end":{"line":14,"column":91}},"7":{"start":{"line":15,"column":8},"end":{"line":15,"column":51}},"8":{"start":{"line":8,"column":13},"end":{"line":8,"column":27}},"9":{"start":{"line":13,"column":10},"end":{"line":16,"column":null}},"10":{"start":{"line":8,"column":13},"end":{"line":17,"column":null}}},"fnMap":{"0":{"name":"(anonymous_4)","decl":{"start":{"line":9,"column":4},"end":{"line":9,"column":34}},"loc":{"start":{"line":9,"column":58},"end":{"line":9,"column":61}}},"1":{"name":"(anonymous_5)","decl":{"start":{"line":13,"column":4},"end":{"line":13,"column":9}},"loc":{"start":{"line":13,"column":30},"end":{"line":16,"column":5}}}},"branchMap":{"0":{"loc":{"start":{"line":14,"column":19},"end":{"line":14,"column":91}},"type":"binary-expr","locations":[{"start":{"line":14,"column":19},"end":{"line":14,"column":25}},{"start":{"line":14,"column":29},"end":{"line":14,"column":59}},{"start":{"line":14,"column":63},"end":{"line":14,"column":91}}]}},"s":{"0":0,"1":0,"2":0,"3":0,"4":0,"5":0,"6":0,"7":0,"8":0,"9":0,"10":0},"f":{"0":0,"1":0},"b":{"0":[0,0,0]}}
,"/home/jevdev2304/Documents/UdeM/06-semestre/desarrollo-web/Api_Mercury/mercury-api/src/auth/services/auth.service.ts": {"path":"/home/jevdev2304/Documents/UdeM/06-semestre/desarrollo-web/Api_Mercury/mercury-api/src/auth/services/auth.service.ts","statementMap":{"0":{"start":{"line":1,"column":0},"end":{"line":1,"column":41}},"1":{"start":{"line":2,"column":0},"end":{"line":2,"column":63}},"2":{"start":{"line":3,"column":0},"end":{"line":3,"column":69}},"3":{"start":{"line":4,"column":0},"end":{"line":4,"column":66}},"4":{"start":{"line":5,"column":0},"end":{"line":5,"column":64}},"5":{"start":{"line":6,"column":0},"end":{"line":6,"column":95}},"6":{"start":{"line":11,"column":7},"end":{"line":67,"column":null}},"7":{"start":{"line":13,"column":25},"end":{"line":13,"column":43}},"8":{"start":{"line":14,"column":25},"end":{"line":14,"column":39}},"9":{"start":{"line":15,"column":25},"end":{"line":15,"column":41}},"10":{"start":{"line":16,"column":25},"end":{"line":16,"column":38}},"11":{"start":{"line":17,"column":25},"end":{"line":17,"column":38}},"12":{"start":{"line":20,"column":22},"end":{"line":20,"column":67}},"13":{"start":{"line":22,"column":8},"end":{"line":35,"column":9}},"14":{"start":{"line":23,"column":44},"end":{"line":23,"column":56}},"15":{"start":{"line":24,"column":34},"end":{"line":24,"column":60}},"16":{"start":{"line":25,"column":12},"end":{"line":25,"column":null}},"17":{"start":{"line":28,"column":28},"end":{"line":28,"column":77}},"18":{"start":{"line":29,"column":12},"end":{"line":34,"column":13}},"19":{"start":{"line":30,"column":44},"end":{"line":30,"column":58}},"20":{"start":{"line":31,"column":34},"end":{"line":31,"column":62}},"21":{"start":{"line":33,"column":12},"end":{"line":33,"column":null}},"22":{"start":{"line":37,"column":8},"end":{"line":37,"column":null}},"23":{"start":{"line":44,"column":24},"end":{"line":44,"column":79}},"24":{"start":{"line":46,"column":8},"end":{"line":55,"column":9}},"25":{"start":{"line":47,"column":12},"end":{"line":47,"column":91}},"26":{"start":{"line":48,"column":12},"end":{"line":48,"column":35}},"27":{"start":{"line":49,"column":15},"end":{"line":55,"column":9}},"28":{"start":{"line":50,"column":12},"end":{"line":50,"column":95}},"29":{"start":{"line":51,"column":12},"end":{"line":51,"column":35}},"30":{"start":{"line":54,"column":12},"end":{"line":54,"column":63}},"31":{"start":{"line":57,"column":8},"end":{"line":61,"column":9}},"32":{"start":{"line":58,"column":12},"end":{"line":58,"column":73}},"33":{"start":{"line":60,"column":12},"end":{"line":60,"column":82}},"34":{"start":{"line":63,"column":8},"end":{"line":65,"column":10}},"35":{"start":{"line":11,"column":13},"end":{"line":11,"column":24}},"36":{"start":{"line":11,"column":13},"end":{"line":67,"column":null}}},"fnMap":{"0":{"name":"(anonymous_2)","decl":{"start":{"line":12,"column":4},"end":{"line":12,"column":null}},"loc":{"start":{"line":17,"column":48},"end":{"line":18,"column":7}}},"1":{"name":"(anonymous_3)","decl":{"start":{"line":19,"column":4},"end":{"line":19,"column":9}},"loc":{"start":{"line":19,"column":55},"end":{"line":38,"column":5}}},"2":{"name":"(anonymous_4)","decl":{"start":{"line":40,"column":4},"end":{"line":40,"column":9}},"loc":{"start":{"line":40,"column":44},"end":{"line":66,"column":5}}}},"branchMap":{"0":{"loc":{"start":{"line":22,"column":8},"end":{"line":35,"column":9}},"type":"if","locations":[{"start":{"line":22,"column":8},"end":{"line":35,"column":9}},{"start":{"line":27,"column":12},"end":{"line":35,"column":9}}]},"1":{"loc":{"start":{"line":22,"column":12},"end":{"line":22,"column":117}},"type":"binary-expr","locations":[{"start":{"line":22,"column":12},"end":{"line":22,"column":16}},{"start":{"line":22,"column":20},"end":{"line":22,"column":42}},{"start":{"line":22,"column":46},"end":{"line":22,"column":117}}]},"2":{"loc":{"start":{"line":29,"column":12},"end":{"line":34,"column":13}},"type":"if","locations":[{"start":{"line":29,"column":12},"end":{"line":34,"column":13}}]},"3":{"loc":{"start":{"line":29,"column":16},"end":{"line":29,"column":127}},"type":"binary-expr","locations":[{"start":{"line":29,"column":16},"end":{"line":29,"column":22}},{"start":{"line":29,"column":26},"end":{"line":29,"column":50}},{"start":{"line":29,"column":54},"end":{"line":29,"column":127}}]},"4":{"loc":{"start":{"line":46,"column":8},"end":{"line":55,"column":9}},"type":"if","locations":[{"start":{"line":46,"column":8},"end":{"line":55,"column":9}},{"start":{"line":49,"column":15},"end":{"line":55,"column":9}}]},"5":{"loc":{"start":{"line":49,"column":15},"end":{"line":55,"column":9}},"type":"if","locations":[{"start":{"line":49,"column":15},"end":{"line":55,"column":9}},{"start":{"line":53,"column":14},"end":{"line":55,"column":9}}]}},"s":{"0":1,"1":1,"2":1,"3":1,"4":1,"5":1,"6":1,"7":5,"8":5,"9":5,"10":5,"11":5,"12":0,"13":0,"14":0,"15":0,"16":0,"17":0,"18":0,"19":0,"20":0,"21":0,"22":0,"23":5,"24":5,"25":2,"26":2,"27":3,"28":2,"29":2,"30":1,"31":4,"32":4,"33":2,"34":2,"35":1,"36":1},"f":{"0":5,"1":0,"2":5},"b":{"0":[0,0],"1":[0,0,0],"2":[0],"3":[0,0,0],"4":[2,3],"5":[2,1]}}
,"/home/jevdev2304/Documents/UdeM/06-semestre/desarrollo-web/Api_Mercury/mercury-api/src/crypt/services/hash.service.ts": {"path":"/home/jevdev2304/Documents/UdeM/06-semestre/desarrollo-web/Api_Mercury/mercury-api/src/crypt/services/hash.service.ts","statementMap":{"0":{"start":{"line":1,"column":0},"end":{"line":1,"column":65}},"1":{"start":{"line":2,"column":0},"end":{"line":2,"column":33}},"2":{"start":{"line":6,"column":7},"end":{"line":34,"column":null}},"3":{"start":{"line":7,"column":19},"end":{"line":7,"column":69}},"4":{"start":{"line":11,"column":4},"end":{"line":11,"column":63}},"5":{"start":{"line":16,"column":4},"end":{"line":18,"column":5}},"6":{"start":{"line":17,"column":6},"end":{"line":17,"column":68}},"7":{"start":{"line":21,"column":17},"end":{"line":21,"column":54}},"8":{"start":{"line":22,"column":4},"end":{"line":22,"column":71}},"9":{"start":{"line":27,"column":4},"end":{"line":29,"column":5}},"10":{"start":{"line":28,"column":6},"end":{"line":28,"column":null}},"11":{"start":{"line":32,"column":4},"end":{"line":32,"column":87}},"12":{"start":{"line":6,"column":13},"end":{"line":6,"column":24}},"13":{"start":{"line":6,"column":13},"end":{"line":34,"column":null}}},"fnMap":{"0":{"name":"(anonymous_1)","decl":{"start":{"line":6,"column":7},"end":{"line":6,"column":13}},"loc":{"start":{"line":6,"column":7},"end":{"line":34,"column":1}}},"1":{"name":"(anonymous_2)","decl":{"start":{"line":10,"column":10},"end":{"line":10,"column":24}},"loc":{"start":{"line":10,"column":41},"end":{"line":12,"column":3}}},"2":{"name":"(anonymous_3)","decl":{"start":{"line":15,"column":2},"end":{"line":15,"column":7}},"loc":{"start":{"line":15,"column":37},"end":{"line":23,"column":3}}},"3":{"name":"(anonymous_4)","decl":{"start":{"line":26,"column":2},"end":{"line":26,"column":7}},"loc":{"start":{"line":26,"column":68},"end":{"line":33,"column":3}}}},"branchMap":{"0":{"loc":{"start":{"line":11,"column":11},"end":{"line":11,"column":62}},"type":"binary-expr","locations":[{"start":{"line":11,"column":11},"end":{"line":11,"column":39}},{"start":{"line":11,"column":43},"end":{"line":11,"column":62}}]},"1":{"loc":{"start":{"line":16,"column":4},"end":{"line":18,"column":5}},"type":"if","locations":[{"start":{"line":16,"column":4},"end":{"line":18,"column":5}}]},"2":{"loc":{"start":{"line":27,"column":4},"end":{"line":29,"column":5}},"type":"if","locations":[{"start":{"line":27,"column":4},"end":{"line":29,"column":5}}]},"3":{"loc":{"start":{"line":27,"column":8},"end":{"line":27,"column":81}},"type":"binary-expr","locations":[{"start":{"line":27,"column":8},"end":{"line":27,"column":45}},{"start":{"line":27,"column":49},"end":{"line":27,"column":81}}]}},"s":{"0":2,"1":2,"2":2,"3":0,"4":0,"5":0,"6":0,"7":0,"8":0,"9":0,"10":0,"11":0,"12":2,"13":2},"f":{"0":0,"1":0,"2":0,"3":0},"b":{"0":[0,0],"1":[0],"2":[0],"3":[0,0]}}
,"/home/jevdev2304/Documents/UdeM/06-semestre/desarrollo-web/Api_Mercury/mercury-api/src/database/database.service.ts": {"path":"/home/jevdev2304/Documents/UdeM/06-semestre/desarrollo-web/Api_Mercury/mercury-api/src/database/database.service.ts","statementMap":{"0":{"start":{"line":1,"column":0},"end":{"line":1,"column":37}},"1":{"start":{"line":2,"column":0},"end":{"line":2,"column":44}},"2":{"start":{"line":5,"column":7},"end":{"line":32,"column":null}},"3":{"start":{"line":6,"column":31},"end":{"line":6,"column":43}},"4":{"start":{"line":12,"column":24},"end":{"line":12,"column":59}},"5":{"start":{"line":13,"column":4},"end":{"line":13,"column":32}},"6":{"start":{"line":14,"column":4},"end":{"line":14,"column":41}},"7":{"start":{"line":16,"column":4},"end":{"line":25,"column":5}},"8":{"start":{"line":17,"column":21},"end":{"line":17,"column":59}},"9":{"start":{"line":18,"column":6},"end":{"line":18,"column":44}},"10":{"start":{"line":19,"column":6},"end":{"line":19,"column":45}},"11":{"start":{"line":21,"column":6},"end":{"line":21,"column":46}},"12":{"start":{"line":22,"column":6},"end":{"line":22,"column":23}},"13":{"start":{"line":24,"column":6},"end":{"line":24,"column":34}},"14":{"start":{"line":5,"column":13},"end":{"line":5,"column":28}},"15":{"start":{"line":5,"column":13},"end":{"line":32,"column":null}}},"fnMap":{"0":{"name":"(anonymous_2)","decl":{"start":{"line":6,"column":2},"end":{"line":6,"column":31}},"loc":{"start":{"line":6,"column":53},"end":{"line":6,"column":57}}},"1":{"name":"(anonymous_3)","decl":{"start":{"line":11,"column":2},"end":{"line":11,"column":7}},"loc":{"start":{"line":11,"column":60},"end":{"line":26,"column":3}}}},"branchMap":{"0":{"loc":{"start":{"line":11,"column":42},"end":{"line":11,"column":60}},"type":"default-arg","locations":[{"start":{"line":11,"column":58},"end":{"line":11,"column":60}}]}},"s":{"0":3,"1":3,"2":3,"3":0,"4":0,"5":0,"6":0,"7":0,"8":0,"9":0,"10":0,"11":0,"12":0,"13":0,"14":3,"15":3},"f":{"0":0,"1":0},"b":{"0":[0]}}
,"/home/jevdev2304/Documents/UdeM/06-semestre/desarrollo-web/Api_Mercury/mercury-api/src/message/services/message.service.ts": {"path":"/home/jevdev2304/Documents/UdeM/06-semestre/desarrollo-web/Api_Mercury/mercury-api/src/message/services/message.service.ts","statementMap":{"0":{"start":{"line":1,"column":0},"end":{"line":1,"column":44}},"1":{"start":{"line":4,"column":7},"end":{"line":4,"column":null}},"2":{"start":{"line":4,"column":13},"end":{"line":4,"column":27}},"3":{"start":{"line":4,"column":13},"end":{"line":4,"column":null}}},"fnMap":{},"branchMap":{},"s":{"0":0,"1":0,"2":0,"3":0},"f":{},"b":{}}
,"/home/jevdev2304/Documents/UdeM/06-semestre/desarrollo-web/Api_Mercury/mercury-api/src/music/controllers/album.controller.ts": {"path":"/home/jevdev2304/Documents/UdeM/06-semestre/desarrollo-web/Api_Mercury/mercury-api/src/music/controllers/album.controller.ts","statementMap":{"0":{"start":{"line":1,"column":0},"end":{"line":1,"column":57}},"1":{"start":{"line":2,"column":0},"end":{"line":2,"column":64}},"2":{"start":{"line":4,"column":0},"end":{"line":4,"column":91}},"3":{"start":{"line":5,"column":0},"end":{"line":5,"column":58}},"4":{"start":{"line":6,"column":0},"end":{"line":6,"column":58}},"5":{"start":{"line":7,"column":0},"end":{"line":7,"column":57}},"6":{"start":{"line":11,"column":7},"end":{"line":109,"column":null}},"7":{"start":{"line":12,"column":31},"end":{"line":12,"column":45}},"8":{"start":{"line":20,"column":6},"end":{"line":20,"column":57}},"9":{"start":{"line":21,"column":4},"end":{"line":21,"column":20}},"10":{"start":{"line":33,"column":25},"end":{"line":33,"column":62}},"11":{"start":{"line":34,"column":8},"end":{"line":34,"column":24}},"12":{"start":{"line":43,"column":6},"end":{"line":43,"column":57}},"13":{"start":{"line":44,"column":4},"end":{"line":44,"column":20}},"14":{"start":{"line":50,"column":28},"end":{"line":50,"column":50}},"15":{"start":{"line":52,"column":6},"end":{"line":52,"column":63}},"16":{"start":{"line":53,"column":4},"end":{"line":53,"column":20}},"17":{"start":{"line":60,"column":27},"end":{"line":60,"column":48}},"18":{"start":{"line":62,"column":6},"end":{"line":62,"column":57}},"19":{"start":{"line":63,"column":4},"end":{"line":63,"column":20}},"20":{"start":{"line":76,"column":31},"end":{"line":76,"column":52}},"21":{"start":{"line":77,"column":25},"end":{"line":77,"column":78}},"22":{"start":{"line":78,"column":8},"end":{"line":78,"column":24}},"23":{"start":{"line":90,"column":35},"end":{"line":90,"column":56}},"24":{"start":{"line":91,"column":29},"end":{"line":91,"column":88}},"25":{"start":{"line":92,"column":12},"end":{"line":92,"column":28}},"26":{"start":{"line":104,"column":29},"end":{"line":104,"column":84}},"27":{"start":{"line":105,"column":12},"end":{"line":105,"column":28}},"28":{"start":{"line":11,"column":13},"end":{"line":11,"column":28}},"29":{"start":{"line":18,"column":8},"end":{"line":22,"column":null}},"30":{"start":{"line":31,"column":9},"end":{"line":35,"column":null}},"31":{"start":{"line":41,"column":8},"end":{"line":45,"column":null}},"32":{"start":{"line":49,"column":8},"end":{"line":54,"column":null}},"33":{"start":{"line":59,"column":8},"end":{"line":64,"column":null}},"34":{"start":{"line":72,"column":8},"end":{"line":79,"column":null}},"35":{"start":{"line":86,"column":12},"end":{"line":93,"column":null}},"36":{"start":{"line":101,"column":12},"end":{"line":106,"column":null}},"37":{"start":{"line":11,"column":13},"end":{"line":109,"column":null}}},"fnMap":{"0":{"name":"(anonymous_4)","decl":{"start":{"line":12,"column":2},"end":{"line":12,"column":31}},"loc":{"start":{"line":12,"column":57},"end":{"line":12,"column":61}}},"1":{"name":"(anonymous_5)","decl":{"start":{"line":18,"column":2},"end":{"line":18,"column":7}},"loc":{"start":{"line":18,"column":58},"end":{"line":22,"column":3}}},"2":{"name":"(anonymous_6)","decl":{"start":{"line":31,"column":3},"end":{"line":31,"column":8}},"loc":{"start":{"line":31,"column":23},"end":{"line":35,"column":13}}},"3":{"name":"(anonymous_7)","decl":{"start":{"line":41,"column":2},"end":{"line":41,"column":7}},"loc":{"start":{"line":41,"column":58},"end":{"line":45,"column":3}}},"4":{"name":"(anonymous_8)","decl":{"start":{"line":49,"column":2},"end":{"line":49,"column":7}},"loc":{"start":{"line":49,"column":57},"end":{"line":54,"column":3}}},"5":{"name":"(anonymous_9)","decl":{"start":{"line":59,"column":2},"end":{"line":59,"column":7}},"loc":{"start":{"line":59,"column":53},"end":{"line":64,"column":3}}},"6":{"name":"(anonymous_10)","decl":{"start":{"line":72,"column":2},"end":{"line":72,"column":7}},"loc":{"start":{"line":73,"column":35},"end":{"line":79,"column":7}}},"7":{"name":"(anonymous_11)","decl":{"start":{"line":86,"column":6},"end":{"line":86,"column":11}},"loc":{"start":{"line":87,"column":39},"end":{"line":93,"column":11}}},"8":{"name":"(anonymous_12)","decl":{"start":{"line":101,"column":6},"end":{"line":101,"column":11}},"loc":{"start":{"line":102,"column":34},"end":{"line":106,"column":11}}}},"branchMap":{},"s":{"0":0,"1":0,"2":0,"3":0,"4":0,"5":0,"6":0,"7":0,"8":0,"9":0,"10":0,"11":0,"12":0,"13":0,"14":0,"15":0,"16":0,"17":0,"18":0,"19":0,"20":0,"21":0,"22":0,"23":0,"24":0,"25":0,"26":0,"27":0,"28":0,"29":0,"30":0,"31":0,"32":0,"33":0,"34":0,"35":0,"36":0,"37":0},"f":{"0":0,"1":0,"2":0,"3":0,"4":0,"5":0,"6":0,"7":0,"8":0},"b":{}}
,"/home/jevdev2304/Documents/UdeM/06-semestre/desarrollo-web/Api_Mercury/mercury-api/src/music/controllers/playlist.controller.ts": {"path":"/home/jevdev2304/Documents/UdeM/06-semestre/desarrollo-web/Api_Mercury/mercury-api/src/music/controllers/playlist.controller.ts","statementMap":{"0":{"start":{"line":1,"column":0},"end":{"line":1,"column":57}},"1":{"start":{"line":2,"column":0},"end":{"line":2,"column":64}},"2":{"start":{"line":4,"column":0},"end":{"line":4,"column":83}},"3":{"start":{"line":5,"column":0},"end":{"line":5,"column":70}},"4":{"start":{"line":6,"column":0},"end":{"line":6,"column":71}},"5":{"start":{"line":7,"column":0},"end":{"line":7,"column":71}},"6":{"start":{"line":11,"column":7},"end":{"line":56,"column":null}},"7":{"start":{"line":12,"column":32},"end":{"line":12,"column":49}},"8":{"start":{"line":20,"column":6},"end":{"line":20,"column":66}},"9":{"start":{"line":21,"column":4},"end":{"line":21,"column":20}},"10":{"start":{"line":30,"column":6},"end":{"line":30,"column":66}},"11":{"start":{"line":31,"column":4},"end":{"line":31,"column":20}},"12":{"start":{"line":38,"column":6},"end":{"line":38,"column":58}},"13":{"start":{"line":39,"column":4},"end":{"line":39,"column":20}},"14":{"start":{"line":52,"column":34},"end":{"line":52,"column":58}},"15":{"start":{"line":53,"column":25},"end":{"line":53,"column":87}},"16":{"start":{"line":54,"column":8},"end":{"line":54,"column":24}},"17":{"start":{"line":11,"column":13},"end":{"line":11,"column":31}},"18":{"start":{"line":18,"column":8},"end":{"line":22,"column":null}},"19":{"start":{"line":28,"column":8},"end":{"line":32,"column":null}},"20":{"start":{"line":36,"column":8},"end":{"line":40,"column":null}},"21":{"start":{"line":48,"column":8},"end":{"line":55,"column":null}},"22":{"start":{"line":11,"column":13},"end":{"line":56,"column":null}}},"fnMap":{"0":{"name":"(anonymous_4)","decl":{"start":{"line":12,"column":2},"end":{"line":12,"column":32}},"loc":{"start":{"line":12,"column":64},"end":{"line":12,"column":68}}},"1":{"name":"(anonymous_5)","decl":{"start":{"line":18,"column":2},"end":{"line":18,"column":7}},"loc":{"start":{"line":18,"column":63},"end":{"line":22,"column":3}}},"2":{"name":"(anonymous_6)","decl":{"start":{"line":28,"column":2},"end":{"line":28,"column":7}},"loc":{"start":{"line":28,"column":67},"end":{"line":32,"column":3}}},"3":{"name":"(anonymous_7)","decl":{"start":{"line":36,"column":2},"end":{"line":36,"column":7}},"loc":{"start":{"line":36,"column":53},"end":{"line":40,"column":3}}},"4":{"name":"(anonymous_8)","decl":{"start":{"line":48,"column":2},"end":{"line":48,"column":7}},"loc":{"start":{"line":49,"column":41},"end":{"line":55,"column":7}}}},"branchMap":{},"s":{"0":0,"1":0,"2":0,"3":0,"4":0,"5":0,"6":0,"7":0,"8":0,"9":0,"10":0,"11":0,"12":0,"13":0,"14":0,"15":0,"16":0,"17":0,"18":0,"19":0,"20":0,"21":0,"22":0},"f":{"0":0,"1":0,"2":0,"3":0,"4":0},"b":{}}
,"/home/jevdev2304/Documents/UdeM/06-semestre/desarrollo-web/Api_Mercury/mercury-api/src/music/controllers/song.controller.ts": {"path":"/home/jevdev2304/Documents/UdeM/06-semestre/desarrollo-web/Api_Mercury/mercury-api/src/music/controllers/song.controller.ts","statementMap":{"0":{"start":{"line":1,"column":0},"end":{"line":1,"column":59}},"1":{"start":{"line":2,"column":0},"end":{"line":2,"column":64}},"2":{"start":{"line":4,"column":0},"end":{"line":4,"column":null}},"3":{"start":{"line":14,"column":0},"end":{"line":14,"column":55}},"4":{"start":{"line":15,"column":0},"end":{"line":15,"column":56}},"5":{"start":{"line":16,"column":0},"end":{"line":16,"column":56}},"6":{"start":{"line":19,"column":7},"end":{"line":291,"column":null}},"7":{"start":{"line":20,"column":31},"end":{"line":20,"column":44}},"8":{"start":{"line":27,"column":21},"end":{"line":27,"column":69}},"9":{"start":{"line":28,"column":4},"end":{"line":28,"column":20}},"10":{"start":{"line":41,"column":26},"end":{"line":41,"column":46}},"11":{"start":{"line":42,"column":30},"end":{"line":42,"column":54}},"12":{"start":{"line":43,"column":21},"end":{"line":45,"column":null}},"13":{"start":{"line":47,"column":4},"end":{"line":47,"column":20}},"14":{"start":{"line":57,"column":26},"end":{"line":57,"column":46}},"15":{"start":{"line":58,"column":27},"end":{"line":58,"column":48}},"16":{"start":{"line":59,"column":21},"end":{"line":61,"column":null}},"17":{"start":{"line":63,"column":4},"end":{"line":63,"column":20}},"18":{"start":{"line":75,"column":26},"end":{"line":75,"column":46}},"19":{"start":{"line":76,"column":28},"end":{"line":76,"column":50}},"20":{"start":{"line":77,"column":21},"end":{"line":79,"column":null}},"21":{"start":{"line":81,"column":4},"end":{"line":81,"column":20}},"22":{"start":{"line":93,"column":26},"end":{"line":93,"column":46}},"23":{"start":{"line":94,"column":30},"end":{"line":94,"column":54}},"24":{"start":{"line":95,"column":21},"end":{"line":97,"column":null}},"25":{"start":{"line":99,"column":4},"end":{"line":99,"column":20}},"26":{"start":{"line":112,"column":26},"end":{"line":112,"column":46}},"27":{"start":{"line":113,"column":28},"end":{"line":113,"column":50}},"28":{"start":{"line":114,"column":21},"end":{"line":116,"column":null}},"29":{"start":{"line":118,"column":4},"end":{"line":118,"column":20}},"30":{"start":{"line":131,"column":26},"end":{"line":131,"column":46}},"31":{"start":{"line":132,"column":27},"end":{"line":132,"column":48}},"32":{"start":{"line":133,"column":21},"end":{"line":135,"column":null}},"33":{"start":{"line":137,"column":4},"end":{"line":137,"column":20}},"34":{"start":{"line":150,"column":30},"end":{"line":150,"column":54}},"35":{"start":{"line":152,"column":6},"end":{"line":152,"column":69}},"36":{"start":{"line":153,"column":4},"end":{"line":153,"column":20}},"37":{"start":{"line":166,"column":27},"end":{"line":166,"column":48}},"38":{"start":{"line":167,"column":21},"end":{"line":167,"column":78}},"39":{"start":{"line":168,"column":4},"end":{"line":168,"column":20}},"40":{"start":{"line":181,"column":28},"end":{"line":181,"column":50}},"41":{"start":{"line":182,"column":21},"end":{"line":182,"column":80}},"42":{"start":{"line":183,"column":4},"end":{"line":183,"column":20}},"43":{"start":{"line":196,"column":26},"end":{"line":196,"column":46}},"44":{"start":{"line":197,"column":21},"end":{"line":197,"column":69}},"45":{"start":{"line":198,"column":4},"end":{"line":198,"column":20}},"46":{"start":{"line":206,"column":21},"end":{"line":206,"column":69}},"47":{"start":{"line":207,"column":4},"end":{"line":207,"column":20}},"48":{"start":{"line":214,"column":28},"end":{"line":214,"column":48}},"49":{"start":{"line":216,"column":6},"end":{"line":216,"column":56}},"50":{"start":{"line":217,"column":4},"end":{"line":217,"column":20}},"51":{"start":{"line":230,"column":26},"end":{"line":230,"column":46}},"52":{"start":{"line":231,"column":21},"end":{"line":231,"column":71}},"53":{"start":{"line":232,"column":4},"end":{"line":232,"column":20}},"54":{"start":{"line":245,"column":21},"end":{"line":245,"column":56}},"55":{"start":{"line":246,"column":4},"end":{"line":246,"column":20}},"56":{"start":{"line":259,"column":27},"end":{"line":259,"column":48}},"57":{"start":{"line":260,"column":21},"end":{"line":260,"column":78}},"58":{"start":{"line":261,"column":4},"end":{"line":261,"column":20}},"59":{"start":{"line":274,"column":21},"end":{"line":274,"column":36}},"60":{"start":{"line":275,"column":21},"end":{"line":275,"column":68}},"61":{"start":{"line":276,"column":4},"end":{"line":276,"column":20}},"62":{"start":{"line":288,"column":21},"end":{"line":288,"column":74}},"63":{"start":{"line":289,"column":4},"end":{"line":289,"column":20}},"64":{"start":{"line":19,"column":13},"end":{"line":19,"column":27}},"65":{"start":{"line":26,"column":8},"end":{"line":29,"column":null}},"66":{"start":{"line":37,"column":8},"end":{"line":48,"column":null}},"67":{"start":{"line":53,"column":8},"end":{"line":64,"column":null}},"68":{"start":{"line":71,"column":8},"end":{"line":82,"column":null}},"69":{"start":{"line":89,"column":8},"end":{"line":100,"column":null}},"70":{"start":{"line":108,"column":8},"end":{"line":119,"column":null}},"71":{"start":{"line":127,"column":8},"end":{"line":138,"column":null}},"72":{"start":{"line":146,"column":8},"end":{"line":154,"column":null}},"73":{"start":{"line":162,"column":8},"end":{"line":169,"column":null}},"74":{"start":{"line":177,"column":8},"end":{"line":184,"column":null}},"75":{"start":{"line":192,"column":8},"end":{"line":199,"column":null}},"76":{"start":{"line":205,"column":8},"end":{"line":208,"column":null}},"77":{"start":{"line":213,"column":8},"end":{"line":218,"column":null}},"78":{"start":{"line":226,"column":8},"end":{"line":233,"column":null}},"79":{"start":{"line":242,"column":8},"end":{"line":247,"column":null}},"80":{"start":{"line":255,"column":8},"end":{"line":262,"column":null}},"81":{"start":{"line":270,"column":8},"end":{"line":277,"column":null}},"82":{"start":{"line":285,"column":8},"end":{"line":290,"column":null}},"83":{"start":{"line":19,"column":13},"end":{"line":291,"column":null}}},"fnMap":{"0":{"name":"(anonymous_4)","decl":{"start":{"line":20,"column":2},"end":{"line":20,"column":31}},"loc":{"start":{"line":20,"column":55},"end":{"line":20,"column":60}}},"1":{"name":"(anonymous_5)","decl":{"start":{"line":26,"column":2},"end":{"line":26,"column":7}},"loc":{"start":{"line":26,"column":55},"end":{"line":29,"column":3}}},"2":{"name":"(anonymous_6)","decl":{"start":{"line":37,"column":2},"end":{"line":37,"column":7}},"loc":{"start":{"line":39,"column":43},"end":{"line":48,"column":3}}},"3":{"name":"(anonymous_7)","decl":{"start":{"line":53,"column":2},"end":{"line":53,"column":7}},"loc":{"start":{"line":55,"column":37},"end":{"line":64,"column":3}}},"4":{"name":"(anonymous_8)","decl":{"start":{"line":71,"column":2},"end":{"line":71,"column":7}},"loc":{"start":{"line":73,"column":39},"end":{"line":82,"column":3}}},"5":{"name":"(anonymous_9)","decl":{"start":{"line":89,"column":2},"end":{"line":89,"column":7}},"loc":{"start":{"line":91,"column":43},"end":{"line":100,"column":3}}},"6":{"name":"(anonymous_10)","decl":{"start":{"line":108,"column":2},"end":{"line":108,"column":7}},"loc":{"start":{"line":110,"column":39},"end":{"line":119,"column":3}}},"7":{"name":"(anonymous_11)","decl":{"start":{"line":127,"column":2},"end":{"line":127,"column":7}},"loc":{"start":{"line":129,"column":37},"end":{"line":138,"column":3}}},"8":{"name":"(anonymous_12)","decl":{"start":{"line":146,"column":2},"end":{"line":146,"column":7}},"loc":{"start":{"line":147,"column":43},"end":{"line":154,"column":3}}},"9":{"name":"(anonymous_13)","decl":{"start":{"line":162,"column":2},"end":{"line":162,"column":7}},"loc":{"start":{"line":163,"column":37},"end":{"line":169,"column":3}}},"10":{"name":"(anonymous_14)","decl":{"start":{"line":177,"column":2},"end":{"line":177,"column":7}},"loc":{"start":{"line":178,"column":39},"end":{"line":184,"column":3}}},"11":{"name":"(anonymous_15)","decl":{"start":{"line":192,"column":2},"end":{"line":192,"column":7}},"loc":{"start":{"line":193,"column":35},"end":{"line":199,"column":3}}},"12":{"name":"(anonymous_16)","decl":{"start":{"line":205,"column":2},"end":{"line":205,"column":7}},"loc":{"start":{"line":205,"column":55},"end":{"line":208,"column":3}}},"13":{"name":"(anonymous_17)","decl":{"start":{"line":213,"column":2},"end":{"line":213,"column":7}},"loc":{"start":{"line":213,"column":50},"end":{"line":218,"column":3}}},"14":{"name":"(anonymous_18)","decl":{"start":{"line":226,"column":2},"end":{"line":226,"column":7}},"loc":{"start":{"line":227,"column":35},"end":{"line":233,"column":3}}},"15":{"name":"(anonymous_20)","decl":{"start":{"line":255,"column":2},"end":{"line":255,"column":7}},"loc":{"start":{"line":256,"column":37},"end":{"line":262,"column":3}}},"16":{"name":"(anonymous_21)","decl":{"start":{"line":270,"column":2},"end":{"line":270,"column":7}},"loc":{"start":{"line":271,"column":25},"end":{"line":277,"column":3}}},"17":{"name":"(anonymous_22)","decl":{"start":{"line":285,"column":2},"end":{"line":285,"column":7}},"loc":{"start":{"line":286,"column":31},"end":{"line":290,"column":3}}}},"branchMap":{},"s":{"0":0,"1":0,"2":0,"3":0,"4":0,"5":0,"6":0,"7":0,"8":0,"9":0,"10":0,"11":0,"12":0,"13":0,"14":0,"15":0,"16":0,"17":0,"18":0,"19":0,"20":0,"21":0,"22":0,"23":0,"24":0,"25":0,"26":0,"27":0,"28":0,"29":0,"30":0,"31":0,"32":0,"33":0,"34":0,"35":0,"36":0,"37":0,"38":0,"39":0,"40":0,"41":0,"42":0,"43":0,"44":0,"45":0,"46":0,"47":0,"48":0,"49":0,"50":0,"51":0,"52":0,"53":0,"54":0,"55":0,"56":0,"57":0,"58":0,"59":0,"60":0,"61":0,"62":0,"63":0,"64":0,"65":0,"66":0,"67":0,"68":0,"69":0,"70":0,"71":0,"72":0,"73":0,"74":0,"75":0,"76":0,"77":0,"78":0,"79":0,"80":0,"81":0,"82":0,"83":0},"f":{"0":0,"1":0,"2":0,"3":0,"4":0,"5":0,"6":0,"7":0,"8":0,"9":0,"10":0,"11":0,"12":0,"13":0,"14":0,"15":0,"16":0,"17":0},"b":{}}
,"/home/jevdev2304/Documents/UdeM/06-semestre/desarrollo-web/Api_Mercury/mercury-api/src/music/services/album.service.ts": {"path":"/home/jevdev2304/Documents/UdeM/06-semestre/desarrollo-web/Api_Mercury/mercury-api/src/music/services/album.service.ts","statementMap":{"0":{"start":{"line":1,"column":0},"end":{"line":1,"column":120}},"1":{"start":{"line":2,"column":0},"end":{"line":2,"column":64}},"2":{"start":{"line":7,"column":7},"end":{"line":136,"column":null}},"3":{"start":{"line":8,"column":31},"end":{"line":8,"column":48}},"4":{"start":{"line":12,"column":4},"end":{"line":14,"column":5}},"5":{"start":{"line":13,"column":6},"end":{"line":13,"column":73}},"6":{"start":{"line":15,"column":4},"end":{"line":15,"column":90}},"7":{"start":{"line":19,"column":18},"end":{"line":19,"column":156}},"8":{"start":{"line":20,"column":18},"end":{"line":20,"column":28}},"9":{"start":{"line":22,"column":4},"end":{"line":26,"column":5}},"10":{"start":{"line":23,"column":6},"end":{"line":23,"column":73}},"11":{"start":{"line":25,"column":6},"end":{"line":25,"column":38}},"12":{"start":{"line":30,"column":18},"end":{"line":30,"column":60}},"13":{"start":{"line":31,"column":18},"end":{"line":31,"column":22}},"14":{"start":{"line":33,"column":4},"end":{"line":38,"column":5}},"15":{"start":{"line":34,"column":21},"end":{"line":34,"column":80}},"16":{"start":{"line":35,"column":6},"end":{"line":35,"column":31}},"17":{"start":{"line":37,"column":6},"end":{"line":37,"column":38}},"18":{"start":{"line":42,"column":18},"end":{"line":42,"column":66}},"19":{"start":{"line":43,"column":18},"end":{"line":43,"column":45}},"20":{"start":{"line":45,"column":4},"end":{"line":50,"column":5}},"21":{"start":{"line":46,"column":21},"end":{"line":46,"column":80}},"22":{"start":{"line":47,"column":6},"end":{"line":47,"column":31}},"23":{"start":{"line":49,"column":6},"end":{"line":49,"column":38}},"24":{"start":{"line":54,"column":18},"end":{"line":54,"column":83}},"25":{"start":{"line":56,"column":4},"end":{"line":60,"column":5}},"26":{"start":{"line":57,"column":6},"end":{"line":57,"column":66}},"27":{"start":{"line":59,"column":6},"end":{"line":59,"column":38}},"28":{"start":{"line":64,"column":18},"end":{"line":64,"column":54}},"29":{"start":{"line":65,"column":18},"end":{"line":65,"column":22}},"30":{"start":{"line":67,"column":4},"end":{"line":81,"column":5}},"31":{"start":{"line":68,"column":21},"end":{"line":68,"column":80}},"32":{"start":{"line":69,"column":6},"end":{"line":71,"column":7}},"33":{"start":{"line":70,"column":8},"end":{"line":70,"column":30}},"34":{"start":{"line":72,"column":6},"end":{"line":74,"column":7}},"35":{"start":{"line":73,"column":8},"end":{"line":73,"column":76}},"36":{"start":{"line":75,"column":6},"end":{"line":75,"column":88}},"37":{"start":{"line":77,"column":6},"end":{"line":79,"column":7}},"38":{"start":{"line":78,"column":8},"end":{"line":78,"column":20}},"39":{"start":{"line":80,"column":6},"end":{"line":80,"column":38}},"40":{"start":{"line":85,"column":18},"end":{"line":85,"column":111}},"41":{"start":{"line":86,"column":19},"end":{"line":86,"column":79}},"42":{"start":{"line":88,"column":4},"end":{"line":92,"column":5}},"43":{"start":{"line":89,"column":6},"end":{"line":89,"column":74}},"44":{"start":{"line":91,"column":6},"end":{"line":91,"column":38}},"45":{"start":{"line":96,"column":30},"end":{"line":96,"column":66}},"46":{"start":{"line":97,"column":4},"end":{"line":99,"column":5}},"47":{"start":{"line":98,"column":6},"end":{"line":98,"column":71}},"48":{"start":{"line":101,"column":40},"end":{"line":101,"column":47}},"49":{"start":{"line":102,"column":18},"end":{"line":102,"column":63}},"50":{"start":{"line":104,"column":18},"end":{"line":108,"column":6}},"51":{"start":{"line":110,"column":19},"end":{"line":110,"column":101}},"52":{"start":{"line":112,"column":4},"end":{"line":116,"column":5}},"53":{"start":{"line":113,"column":6},"end":{"line":113,"column":67}},"54":{"start":{"line":115,"column":6},"end":{"line":115,"column":38}},"55":{"start":{"line":118,"column":4},"end":{"line":118,"column":42}},"56":{"start":{"line":122,"column":18},"end":{"line":122,"column":46}},"57":{"start":{"line":123,"column":4},"end":{"line":125,"column":5}},"58":{"start":{"line":124,"column":6},"end":{"line":124,"column":71}},"59":{"start":{"line":127,"column":18},"end":{"line":127,"column":64}},"60":{"start":{"line":128,"column":19},"end":{"line":128,"column":23}},"61":{"start":{"line":130,"column":4},"end":{"line":134,"column":5}},"62":{"start":{"line":131,"column":6},"end":{"line":131,"column":99}},"63":{"start":{"line":133,"column":6},"end":{"line":133,"column":38}},"64":{"start":{"line":7,"column":13},"end":{"line":7,"column":25}},"65":{"start":{"line":7,"column":13},"end":{"line":136,"column":null}}},"fnMap":{"0":{"name":"(anonymous_2)","decl":{"start":{"line":8,"column":2},"end":{"line":8,"column":31}},"loc":{"start":{"line":8,"column":63},"end":{"line":8,"column":67}}},"1":{"name":"(anonymous_3)","decl":{"start":{"line":11,"column":10},"end":{"line":11,"column":29}},"loc":{"start":{"line":11,"column":40},"end":{"line":16,"column":3}}},"2":{"name":"(anonymous_4)","decl":{"start":{"line":18,"column":2},"end":{"line":18,"column":7}},"loc":{"start":{"line":18,"column":41},"end":{"line":27,"column":3}}},"3":{"name":"(anonymous_5)","decl":{"start":{"line":29,"column":2},"end":{"line":29,"column":7}},"loc":{"start":{"line":29,"column":38},"end":{"line":39,"column":3}}},"4":{"name":"(anonymous_6)","decl":{"start":{"line":41,"column":2},"end":{"line":41,"column":7}},"loc":{"start":{"line":41,"column":46},"end":{"line":51,"column":3}}},"5":{"name":"(anonymous_7)","decl":{"start":{"line":53,"column":2},"end":{"line":53,"column":7}},"loc":{"start":{"line":53,"column":19},"end":{"line":61,"column":3}}},"6":{"name":"(anonymous_8)","decl":{"start":{"line":63,"column":2},"end":{"line":63,"column":7}},"loc":{"start":{"line":63,"column":32},"end":{"line":82,"column":3}}},"7":{"name":"(anonymous_9)","decl":{"start":{"line":84,"column":2},"end":{"line":84,"column":7}},"loc":{"start":{"line":84,"column":41},"end":{"line":93,"column":3}}},"8":{"name":"(anonymous_10)","decl":{"start":{"line":95,"column":2},"end":{"line":95,"column":7}},"loc":{"start":{"line":95,"column":43},"end":{"line":119,"column":3}}},"9":{"name":"(anonymous_11)","decl":{"start":{"line":121,"column":2},"end":{"line":121,"column":7}},"loc":{"start":{"line":121,"column":30},"end":{"line":135,"column":3}}}},"branchMap":{"0":{"loc":{"start":{"line":12,"column":4},"end":{"line":14,"column":5}},"type":"if","locations":[{"start":{"line":12,"column":4},"end":{"line":14,"column":5}}]},"1":{"loc":{"start":{"line":35,"column":13},"end":{"line":35,"column":30}},"type":"binary-expr","locations":[{"start":{"line":35,"column":13},"end":{"line":35,"column":24}},{"start":{"line":35,"column":28},"end":{"line":35,"column":30}}]},"2":{"loc":{"start":{"line":47,"column":13},"end":{"line":47,"column":30}},"type":"binary-expr","locations":[{"start":{"line":47,"column":13},"end":{"line":47,"column":24}},{"start":{"line":47,"column":28},"end":{"line":47,"column":30}}]},"3":{"loc":{"start":{"line":69,"column":6},"end":{"line":71,"column":7}},"type":"if","locations":[{"start":{"line":69,"column":6},"end":{"line":71,"column":7}}]},"4":{"loc":{"start":{"line":72,"column":6},"end":{"line":74,"column":7}},"type":"if","locations":[{"start":{"line":72,"column":6},"end":{"line":74,"column":7}}]},"5":{"loc":{"start":{"line":77,"column":6},"end":{"line":79,"column":7}},"type":"if","locations":[{"start":{"line":77,"column":6},"end":{"line":79,"column":7}}]},"6":{"loc":{"start":{"line":77,"column":10},"end":{"line":77,"column":90}},"type":"binary-expr","locations":[{"start":{"line":77,"column":10},"end":{"line":77,"column":44}},{"start":{"line":77,"column":48},"end":{"line":77,"column":90}}]},"7":{"loc":{"start":{"line":97,"column":4},"end":{"line":99,"column":5}},"type":"if","locations":[{"start":{"line":97,"column":4},"end":{"line":99,"column":5}}]},"8":{"loc":{"start":{"line":123,"column":4},"end":{"line":125,"column":5}},"type":"if","locations":[{"start":{"line":123,"column":4},"end":{"line":125,"column":5}}]}},"s":{"0":0,"1":0,"2":0,"3":0,"4":0,"5":0,"6":0,"7":0,"8":0,"9":0,"10":0,"11":0,"12":0,"13":0,"14":0,"15":0,"16":0,"17":0,"18":0,"19":0,"20":0,"21":0,"22":0,"23":0,"24":0,"25":0,"26":0,"27":0,"28":0,"29":0,"30":0,"31":0,"32":0,"33":0,"34":0,"35":0,"36":0,"37":0,"38":0,"39":0,"40":0,"41":0,"42":0,"43":0,"44":0,"45":0,"46":0,"47":0,"48":0,"49":0,"50":0,"51":0,"52":0,"53":0,"54":0,"55":0,"56":0,"57":0,"58":0,"59":0,"60":0,"61":0,"62":0,"63":0,"64":0,"65":0},"f":{"0":0,"1":0,"2":0,"3":0,"4":0,"5":0,"6":0,"7":0,"8":0,"9":0},"b":{"0":[0],"1":[0,0],"2":[0,0],"3":[0],"4":[0],"5":[0],"6":[0,0],"7":[0],"8":[0]}}
,"/home/jevdev2304/Documents/UdeM/06-semestre/desarrollo-web/Api_Mercury/mercury-api/src/music/services/playlist.service.ts": {"path":"/home/jevdev2304/Documents/UdeM/06-semestre/desarrollo-web/Api_Mercury/mercury-api/src/music/services/playlist.service.ts","statementMap":{"0":{"start":{"line":1,"column":0},"end":{"line":1,"column":null}},"1":{"start":{"line":8,"column":0},"end":{"line":8,"column":64}},"2":{"start":{"line":13,"column":7},"end":{"line":104,"column":null}},"3":{"start":{"line":14,"column":31},"end":{"line":14,"column":48}},"4":{"start":{"line":17,"column":18},"end":{"line":17,"column":57}},"5":{"start":{"line":18,"column":19},"end":{"line":18,"column":54}},"6":{"start":{"line":20,"column":4},"end":{"line":26,"column":5}},"7":{"start":{"line":21,"column":6},"end":{"line":21,"column":28}},"8":{"start":{"line":22,"column":11},"end":{"line":26,"column":5}},"9":{"start":{"line":23,"column":6},"end":{"line":23,"column":76}},"10":{"start":{"line":25,"column":6},"end":{"line":25,"column":91}},"11":{"start":{"line":33,"column":4},"end":{"line":33,"column":57}},"12":{"start":{"line":34,"column":4},"end":{"line":34,"column":21}},"13":{"start":{"line":35,"column":17},"end":{"line":35,"column":46}},"14":{"start":{"line":36,"column":4},"end":{"line":36,"column":18}},"15":{"start":{"line":42,"column":4},"end":{"line":43,"column":89}},"16":{"start":{"line":44,"column":4},"end":{"line":44,"column":71}},"17":{"start":{"line":47,"column":17},"end":{"line":47,"column":59}},"18":{"start":{"line":48,"column":4},"end":{"line":48,"column":18}},"19":{"start":{"line":52,"column":34},"end":{"line":52,"column":41}},"20":{"start":{"line":53,"column":37},"end":{"line":53,"column":69}},"21":{"start":{"line":54,"column":33},"end":{"line":54,"column":72}},"22":{"start":{"line":56,"column":4},"end":{"line":58,"column":5}},"23":{"start":{"line":57,"column":6},"end":{"line":57,"column":74}},"24":{"start":{"line":59,"column":40},"end":{"line":59,"column":66}},"25":{"start":{"line":61,"column":21},"end":{"line":61,"column":69}},"26":{"start":{"line":63,"column":24},"end":{"line":71,"column":10}},"27":{"start":{"line":73,"column":25},"end":{"line":80,"column":6}},"28":{"start":{"line":81,"column":4},"end":{"line":81,"column":47}},"29":{"start":{"line":82,"column":4},"end":{"line":82,"column":45}},"30":{"start":{"line":86,"column":4},"end":{"line":101,"column":5}},"31":{"start":{"line":87,"column":6},"end":{"line":87,"column":74}},"32":{"start":{"line":89,"column":6},"end":{"line":89,"column":46}},"33":{"start":{"line":91,"column":6},"end":{"line":98,"column":7}},"34":{"start":{"line":92,"column":8},"end":{"line":94,"column":9}},"35":{"start":{"line":93,"column":10},"end":{"line":93,"column":86}},"36":{"start":{"line":95,"column":8},"end":{"line":97,"column":9}},"37":{"start":{"line":96,"column":10},"end":{"line":96,"column":76}},"38":{"start":{"line":100,"column":6},"end":{"line":100,"column":101}},"39":{"start":{"line":13,"column":13},"end":{"line":13,"column":28}},"40":{"start":{"line":13,"column":13},"end":{"line":104,"column":null}}},"fnMap":{"0":{"name":"(anonymous_2)","decl":{"start":{"line":14,"column":2},"end":{"line":14,"column":31}},"loc":{"start":{"line":14,"column":63},"end":{"line":14,"column":67}}},"1":{"name":"(anonymous_3)","decl":{"start":{"line":16,"column":2},"end":{"line":16,"column":7}},"loc":{"start":{"line":16,"column":35},"end":{"line":27,"column":3}}},"2":{"name":"(anonymous_4)","decl":{"start":{"line":30,"column":2},"end":{"line":30,"column":7}},"loc":{"start":{"line":30,"column":40},"end":{"line":37,"column":3}}},"3":{"name":"(anonymous_5)","decl":{"start":{"line":39,"column":2},"end":{"line":39,"column":7}},"loc":{"start":{"line":39,"column":50},"end":{"line":50,"column":3}}},"4":{"name":"(anonymous_6)","decl":{"start":{"line":51,"column":2},"end":{"line":51,"column":7}},"loc":{"start":{"line":51,"column":49},"end":{"line":83,"column":3}}},"5":{"name":"(anonymous_7)","decl":{"start":{"line":85,"column":10},"end":{"line":85,"column":15}},"loc":{"start":{"line":85,"column":56},"end":{"line":102,"column":3}}}},"branchMap":{"0":{"loc":{"start":{"line":20,"column":4},"end":{"line":26,"column":5}},"type":"if","locations":[{"start":{"line":20,"column":4},"end":{"line":26,"column":5}},{"start":{"line":22,"column":11},"end":{"line":26,"column":5}}]},"1":{"loc":{"start":{"line":22,"column":11},"end":{"line":26,"column":5}},"type":"if","locations":[{"start":{"line":22,"column":11},"end":{"line":26,"column":5}},{"start":{"line":24,"column":11},"end":{"line":26,"column":5}}]},"2":{"loc":{"start":{"line":56,"column":4},"end":{"line":58,"column":5}},"type":"if","locations":[{"start":{"line":56,"column":4},"end":{"line":58,"column":5}}]},"3":{"loc":{"start":{"line":91,"column":6},"end":{"line":98,"column":7}},"type":"if","locations":[{"start":{"line":91,"column":6},"end":{"line":98,"column":7}}]},"4":{"loc":{"start":{"line":92,"column":8},"end":{"line":94,"column":9}},"type":"if","locations":[{"start":{"line":92,"column":8},"end":{"line":94,"column":9}}]},"5":{"loc":{"start":{"line":95,"column":8},"end":{"line":97,"column":9}},"type":"if","locations":[{"start":{"line":95,"column":8},"end":{"line":97,"column":9}}]},"6":{"loc":{"start":{"line":100,"column":75},"end":{"line":100,"column":97}},"type":"binary-expr","locations":[{"start":{"line":100,"column":75},"end":{"line":100,"column":88}},{"start":{"line":100,"column":92},"end":{"line":100,"column":97}}]}},"s":{"0":0,"1":0,"2":0,"3":0,"4":0,"5":0,"6":0,"7":0,"8":0,"9":0,"10":0,"11":0,"12":0,"13":0,"14":0,"15":0,"16":0,"17":0,"18":0,"19":0,"20":0,"21":0,"22":0,"23":0,"24":0,"25":0,"26":0,"27":0,"28":0,"29":0,"30":0,"31":0,"32":0,"33":0,"34":0,"35":0,"36":0,"37":0,"38":0,"39":0,"40":0},"f":{"0":0,"1":0,"2":0,"3":0,"4":0,"5":0},"b":{"0":[0,0],"1":[0,0],"2":[0],"3":[0],"4":[0],"5":[0],"6":[0,0]}}
,"/home/jevdev2304/Documents/UdeM/06-semestre/desarrollo-web/Api_Mercury/mercury-api/src/music/services/song.service.ts": {"path":"/home/jevdev2304/Documents/UdeM/06-semestre/desarrollo-web/Api_Mercury/mercury-api/src/music/services/song.service.ts","statementMap":{"0":{"start":{"line":1,"column":0},"end":{"line":1,"column":null}},"1":{"start":{"line":7,"column":0},"end":{"line":7,"column":66}},"2":{"start":{"line":12,"column":7},"end":{"line":492,"column":null}},"3":{"start":{"line":13,"column":31},"end":{"line":13,"column":48}},"4":{"start":{"line":16,"column":18},"end":{"line":16,"column":53}},"5":{"start":{"line":17,"column":19},"end":{"line":17,"column":23}},"6":{"start":{"line":19,"column":4},"end":{"line":39,"column":5}},"7":{"start":{"line":20,"column":21},"end":{"line":22,"column":null}},"8":{"start":{"line":24,"column":23},"end":{"line":24,"column":29}},"9":{"start":{"line":26,"column":6},"end":{"line":26,"column":44}},"10":{"start":{"line":26,"column":29},"end":{"line":26,"column":44}},"11":{"start":{"line":27,"column":6},"end":{"line":27,"column":75}},"12":{"start":{"line":27,"column":29},"end":{"line":27,"column":75}},"13":{"start":{"line":28,"column":6},"end":{"line":30,"column":8}},"14":{"start":{"line":32,"column":6},"end":{"line":37,"column":7}},"15":{"start":{"line":36,"column":8},"end":{"line":36,"column":20}},"16":{"start":{"line":38,"column":6},"end":{"line":38,"column":79}},"17":{"start":{"line":45,"column":4},"end":{"line":45,"column":54}},"18":{"start":{"line":46,"column":4},"end":{"line":46,"column":17}},"19":{"start":{"line":48,"column":4},"end":{"line":61,"column":5}},"20":{"start":{"line":49,"column":21},"end":{"line":51,"column":null}},"21":{"start":{"line":54,"column":6},"end":{"line":56,"column":7}},"22":{"start":{"line":55,"column":8},"end":{"line":55,"column":27}},"23":{"start":{"line":58,"column":6},"end":{"line":60,"column":8}},"24":{"start":{"line":67,"column":4},"end":{"line":67,"column":61}},"25":{"start":{"line":68,"column":4},"end":{"line":68,"column":30}},"26":{"start":{"line":69,"column":26},"end":{"line":69,"column":37}},"27":{"start":{"line":70,"column":4},"end":{"line":70,"column":28}},"28":{"start":{"line":72,"column":4},"end":{"line":85,"column":5}},"29":{"start":{"line":73,"column":21},"end":{"line":75,"column":null}},"30":{"start":{"line":78,"column":6},"end":{"line":80,"column":7}},"31":{"start":{"line":79,"column":8},"end":{"line":79,"column":27}},"32":{"start":{"line":82,"column":6},"end":{"line":84,"column":8}},"33":{"start":{"line":89,"column":4},"end":{"line":93,"column":5}},"34":{"start":{"line":90,"column":6},"end":{"line":92,"column":8}},"35":{"start":{"line":96,"column":4},"end":{"line":96,"column":61}},"36":{"start":{"line":97,"column":4},"end":{"line":97,"column":16}},"37":{"start":{"line":99,"column":4},"end":{"line":112,"column":5}},"38":{"start":{"line":100,"column":21},"end":{"line":102,"column":null}},"39":{"start":{"line":105,"column":6},"end":{"line":107,"column":7}},"40":{"start":{"line":106,"column":8},"end":{"line":106,"column":27}},"41":{"start":{"line":109,"column":6},"end":{"line":111,"column":8}},"42":{"start":{"line":117,"column":17},"end":{"line":117,"column":44}},"43":{"start":{"line":118,"column":4},"end":{"line":120,"column":5}},"44":{"start":{"line":119,"column":6},"end":{"line":119,"column":70}},"45":{"start":{"line":123,"column":24},"end":{"line":127,"column":8}},"46":{"start":{"line":129,"column":25},"end":{"line":129,"column":29}},"47":{"start":{"line":132,"column":4},"end":{"line":141,"column":5}},"48":{"start":{"line":133,"column":6},"end":{"line":136,"column":8}},"49":{"start":{"line":138,"column":6},"end":{"line":140,"column":8}},"50":{"start":{"line":143,"column":4},"end":{"line":143,"column":23}},"51":{"start":{"line":148,"column":4},"end":{"line":149,"column":120}},"52":{"start":{"line":150,"column":4},"end":{"line":150,"column":25}},"53":{"start":{"line":152,"column":4},"end":{"line":162,"column":5}},"54":{"start":{"line":153,"column":21},"end":{"line":155,"column":null}},"55":{"start":{"line":157,"column":6},"end":{"line":157,"column":25}},"56":{"start":{"line":159,"column":6},"end":{"line":161,"column":8}},"57":{"start":{"line":167,"column":4},"end":{"line":168,"column":114}},"58":{"start":{"line":169,"column":4},"end":{"line":169,"column":22}},"59":{"start":{"line":171,"column":4},"end":{"line":181,"column":5}},"60":{"start":{"line":172,"column":21},"end":{"line":174,"column":null}},"61":{"start":{"line":176,"column":6},"end":{"line":176,"column":25}},"62":{"start":{"line":178,"column":6},"end":{"line":180,"column":8}},"63":{"start":{"line":186,"column":4},"end":{"line":186,"column":77}},"64":{"start":{"line":188,"column":4},"end":{"line":195,"column":5}},"65":{"start":{"line":189,"column":21},"end":{"line":189,"column":73}},"66":{"start":{"line":190,"column":6},"end":{"line":190,"column":25}},"67":{"start":{"line":192,"column":6},"end":{"line":194,"column":8}},"68":{"start":{"line":201,"column":4},"end":{"line":202,"column":116}},"69":{"start":{"line":203,"column":4},"end":{"line":203,"column":23}},"70":{"start":{"line":205,"column":4},"end":{"line":215,"column":5}},"71":{"start":{"line":206,"column":21},"end":{"line":208,"column":null}},"72":{"start":{"line":210,"column":6},"end":{"line":210,"column":25}},"73":{"start":{"line":212,"column":6},"end":{"line":214,"column":8}},"74":{"start":{"line":221,"column":4},"end":{"line":222,"column":113}},"75":{"start":{"line":223,"column":4},"end":{"line":230,"column":6}},"76":{"start":{"line":231,"column":4},"end":{"line":244,"column":5}},"77":{"start":{"line":232,"column":21},"end":{"line":234,"column":null}},"78":{"start":{"line":236,"column":6},"end":{"line":236,"column":20}},"79":{"start":{"line":238,"column":6},"end":{"line":240,"column":7}},"80":{"start":{"line":239,"column":8},"end":{"line":239,"column":76}},"81":{"start":{"line":241,"column":6},"end":{"line":243,"column":8}},"82":{"start":{"line":250,"column":4},"end":{"line":251,"column":87}},"83":{"start":{"line":252,"column":4},"end":{"line":252,"column":41}},"84":{"start":{"line":253,"column":4},"end":{"line":268,"column":5}},"85":{"start":{"line":254,"column":21},"end":{"line":256,"column":null}},"86":{"start":{"line":258,"column":6},"end":{"line":258,"column":20}},"87":{"start":{"line":260,"column":6},"end":{"line":264,"column":7}},"88":{"start":{"line":261,"column":8},"end":{"line":263,"column":10}},"89":{"start":{"line":265,"column":6},"end":{"line":267,"column":8}},"90":{"start":{"line":274,"column":4},"end":{"line":274,"column":74}},"91":{"start":{"line":275,"column":4},"end":{"line":275,"column":29}},"92":{"start":{"line":276,"column":4},"end":{"line":290,"column":5}},"93":{"start":{"line":277,"column":21},"end":{"line":279,"column":null}},"94":{"start":{"line":281,"column":6},"end":{"line":281,"column":20}},"95":{"start":{"line":283,"column":6},"end":{"line":283,"column":25}},"96":{"start":{"line":284,"column":6},"end":{"line":286,"column":7}},"97":{"start":{"line":285,"column":8},"end":{"line":285,"column":76}},"98":{"start":{"line":287,"column":6},"end":{"line":289,"column":8}},"99":{"start":{"line":296,"column":4},"end":{"line":297,"column":83}},"100":{"start":{"line":298,"column":4},"end":{"line":298,"column":39}},"101":{"start":{"line":299,"column":4},"end":{"line":314,"column":5}},"102":{"start":{"line":300,"column":21},"end":{"line":302,"column":null}},"103":{"start":{"line":304,"column":6},"end":{"line":304,"column":20}},"104":{"start":{"line":306,"column":6},"end":{"line":310,"column":7}},"105":{"start":{"line":307,"column":8},"end":{"line":309,"column":10}},"106":{"start":{"line":311,"column":6},"end":{"line":313,"column":8}},"107":{"start":{"line":319,"column":6},"end":{"line":319,"column":83}},"108":{"start":{"line":320,"column":25},"end":{"line":320,"column":44}},"109":{"start":{"line":322,"column":4},"end":{"line":348,"column":5}},"110":{"start":{"line":323,"column":21},"end":{"line":325,"column":null}},"111":{"start":{"line":329,"column":6},"end":{"line":334,"column":7}},"112":{"start":{"line":331,"column":8},"end":{"line":333,"column":10}},"113":{"start":{"line":336,"column":6},"end":{"line":336,"column":20}},"114":{"start":{"line":338,"column":6},"end":{"line":347,"column":7}},"115":{"start":{"line":342,"column":8},"end":{"line":342,"column":20}},"116":{"start":{"line":344,"column":8},"end":{"line":346,"column":10}},"117":{"start":{"line":353,"column":6},"end":{"line":353,"column":87}},"118":{"start":{"line":354,"column":25},"end":{"line":354,"column":46}},"119":{"start":{"line":356,"column":4},"end":{"line":382,"column":5}},"120":{"start":{"line":357,"column":21},"end":{"line":359,"column":null}},"121":{"start":{"line":363,"column":6},"end":{"line":368,"column":7}},"122":{"start":{"line":365,"column":8},"end":{"line":367,"column":10}},"123":{"start":{"line":370,"column":6},"end":{"line":370,"column":20}},"124":{"start":{"line":372,"column":6},"end":{"line":381,"column":7}},"125":{"start":{"line":376,"column":8},"end":{"line":376,"column":20}},"126":{"start":{"line":378,"column":8},"end":{"line":380,"column":10}},"127":{"start":{"line":388,"column":4},"end":{"line":389,"column":81}},"128":{"start":{"line":390,"column":4},"end":{"line":390,"column":38}},"129":{"start":{"line":391,"column":4},"end":{"line":406,"column":5}},"130":{"start":{"line":392,"column":21},"end":{"line":394,"column":null}},"131":{"start":{"line":396,"column":6},"end":{"line":396,"column":20}},"132":{"start":{"line":398,"column":6},"end":{"line":402,"column":7}},"133":{"start":{"line":399,"column":8},"end":{"line":401,"column":10}},"134":{"start":{"line":403,"column":6},"end":{"line":405,"column":8}},"135":{"start":{"line":411,"column":6},"end":{"line":411,"column":81}},"136":{"start":{"line":412,"column":25},"end":{"line":412,"column":43}},"137":{"start":{"line":414,"column":4},"end":{"line":440,"column":5}},"138":{"start":{"line":415,"column":21},"end":{"line":417,"column":null}},"139":{"start":{"line":421,"column":6},"end":{"line":426,"column":7}},"140":{"start":{"line":423,"column":8},"end":{"line":425,"column":10}},"141":{"start":{"line":428,"column":6},"end":{"line":428,"column":20}},"142":{"start":{"line":430,"column":6},"end":{"line":439,"column":7}},"143":{"start":{"line":434,"column":8},"end":{"line":434,"column":20}},"144":{"start":{"line":436,"column":8},"end":{"line":438,"column":10}},"145":{"start":{"line":444,"column":29},"end":{"line":444,"column":64}},"146":{"start":{"line":445,"column":4},"end":{"line":447,"column":5}},"147":{"start":{"line":446,"column":6},"end":{"line":446,"column":70}},"148":{"start":{"line":448,"column":40},"end":{"line":448,"column":47}},"149":{"start":{"line":451,"column":17},"end":{"line":451,"column":61}},"150":{"start":{"line":454,"column":24},"end":{"line":464,"column":12}},"151":{"start":{"line":467,"column":25},"end":{"line":476,"column":6}},"152":{"start":{"line":479,"column":4},"end":{"line":488,"column":5}},"153":{"start":{"line":480,"column":6},"end":{"line":480,"column":79}},"154":{"start":{"line":482,"column":6},"end":{"line":484,"column":7}},"155":{"start":{"line":483,"column":8},"end":{"line":483,"column":76}},"156":{"start":{"line":485,"column":6},"end":{"line":487,"column":8}},"157":{"start":{"line":490,"column":4},"end":{"line":490,"column":41}},"158":{"start":{"line":12,"column":13},"end":{"line":12,"column":24}},"159":{"start":{"line":12,"column":13},"end":{"line":492,"column":null}}},"fnMap":{"0":{"name":"(anonymous_2)","decl":{"start":{"line":13,"column":2},"end":{"line":13,"column":31}},"loc":{"start":{"line":13,"column":63},"end":{"line":13,"column":67}}},"1":{"name":"(anonymous_3)","decl":{"start":{"line":15,"column":2},"end":{"line":15,"column":7}},"loc":{"start":{"line":15,"column":31},"end":{"line":40,"column":3}}},"2":{"name":"(anonymous_4)","decl":{"start":{"line":42,"column":2},"end":{"line":42,"column":7}},"loc":{"start":{"line":42,"column":37},"end":{"line":62,"column":3}}},"3":{"name":"(anonymous_5)","decl":{"start":{"line":64,"column":2},"end":{"line":64,"column":7}},"loc":{"start":{"line":64,"column":45},"end":{"line":86,"column":3}}},"4":{"name":"(anonymous_6)","decl":{"start":{"line":88,"column":2},"end":{"line":88,"column":7}},"loc":{"start":{"line":88,"column":32},"end":{"line":113,"column":3}}},"5":{"name":"(anonymous_7)","decl":{"start":{"line":115,"column":2},"end":{"line":115,"column":7}},"loc":{"start":{"line":115,"column":29},"end":{"line":144,"column":3}}},"6":{"name":"(anonymous_8)","decl":{"start":{"line":145,"column":2},"end":{"line":145,"column":7}},"loc":{"start":{"line":145,"column":48},"end":{"line":163,"column":3}}},"7":{"name":"(anonymous_9)","decl":{"start":{"line":164,"column":2},"end":{"line":164,"column":7}},"loc":{"start":{"line":164,"column":42},"end":{"line":182,"column":3}}},"8":{"name":"(anonymous_10)","decl":{"start":{"line":183,"column":2},"end":{"line":183,"column":7}},"loc":{"start":{"line":183,"column":18},"end":{"line":196,"column":3}}},"9":{"name":"(anonymous_11)","decl":{"start":{"line":198,"column":2},"end":{"line":198,"column":7}},"loc":{"start":{"line":198,"column":44},"end":{"line":216,"column":3}}},"10":{"name":"(anonymous_12)","decl":{"start":{"line":218,"column":2},"end":{"line":218,"column":7}},"loc":{"start":{"line":218,"column":38},"end":{"line":245,"column":3}}},"11":{"name":"(anonymous_13)","decl":{"start":{"line":247,"column":2},"end":{"line":247,"column":7}},"loc":{"start":{"line":247,"column":61},"end":{"line":269,"column":3}}},"12":{"name":"(anonymous_14)","decl":{"start":{"line":271,"column":2},"end":{"line":271,"column":7}},"loc":{"start":{"line":271,"column":34},"end":{"line":291,"column":3}}},"13":{"name":"(anonymous_15)","decl":{"start":{"line":293,"column":2},"end":{"line":293,"column":7}},"loc":{"start":{"line":293,"column":57},"end":{"line":315,"column":3}}},"14":{"name":"(anonymous_16)","decl":{"start":{"line":317,"column":2},"end":{"line":317,"column":7}},"loc":{"start":{"line":317,"column":62},"end":{"line":349,"column":3}}},"15":{"name":"(anonymous_17)","decl":{"start":{"line":351,"column":2},"end":{"line":351,"column":7}},"loc":{"start":{"line":351,"column":66},"end":{"line":383,"column":3}}},"16":{"name":"(anonymous_18)","decl":{"start":{"line":385,"column":2},"end":{"line":385,"column":7}},"loc":{"start":{"line":385,"column":55},"end":{"line":407,"column":3}}},"17":{"name":"(anonymous_19)","decl":{"start":{"line":409,"column":2},"end":{"line":409,"column":7}},"loc":{"start":{"line":409,"column":60},"end":{"line":441,"column":3}}},"18":{"name":"(anonymous_20)","decl":{"start":{"line":443,"column":2},"end":{"line":443,"column":7}},"loc":{"start":{"line":443,"column":41},"end":{"line":491,"column":3}}}},"branchMap":{"0":{"loc":{"start":{"line":26,"column":6},"end":{"line":26,"column":44}},"type":"if","locations":[{"start":{"line":26,"column":6},"end":{"line":26,"column":44}}]},"1":{"loc":{"start":{"line":27,"column":6},"end":{"line":27,"column":75}},"type":"if","locations":[{"start":{"line":27,"column":6},"end":{"line":27,"column":75}}]},"2":{"loc":{"start":{"line":32,"column":6},"end":{"line":37,"column":7}},"type":"if","locations":[{"start":{"line":32,"column":6},"end":{"line":37,"column":7}}]},"3":{"loc":{"start":{"line":33,"column":8},"end":{"line":34,"column":50}},"type":"binary-expr","locations":[{"start":{"line":33,"column":8},"end":{"line":33,"column":42}},{"start":{"line":34,"column":8},"end":{"line":34,"column":50}}]},"4":{"loc":{"start":{"line":54,"column":6},"end":{"line":56,"column":7}},"type":"if","locations":[{"start":{"line":54,"column":6},"end":{"line":56,"column":7}}]},"5":{"loc":{"start":{"line":78,"column":6},"end":{"line":80,"column":7}},"type":"if","locations":[{"start":{"line":78,"column":6},"end":{"line":80,"column":7}}]},"6":{"loc":{"start":{"line":89,"column":4},"end":{"line":93,"column":5}},"type":"if","locations":[{"start":{"line":89,"column":4},"end":{"line":93,"column":5}}]},"7":{"loc":{"start":{"line":89,"column":8},"end":{"line":89,"column":37}},"type":"binary-expr","locations":[{"start":{"line":89,"column":8},"end":{"line":89,"column":13}},{"start":{"line":89,"column":17},"end":{"line":89,"column":37}}]},"8":{"loc":{"start":{"line":105,"column":6},"end":{"line":107,"column":7}},"type":"if","locations":[{"start":{"line":105,"column":6},"end":{"line":107,"column":7}}]},"9":{"loc":{"start":{"line":118,"column":4},"end":{"line":120,"column":5}},"type":"if","locations":[{"start":{"line":118,"column":4},"end":{"line":120,"column":5}}]},"10":{"loc":{"start":{"line":238,"column":6},"end":{"line":240,"column":7}},"type":"if","locations":[{"start":{"line":238,"column":6},"end":{"line":240,"column":7}}]},"11":{"loc":{"start":{"line":260,"column":6},"end":{"line":264,"column":7}},"type":"if","locations":[{"start":{"line":260,"column":6},"end":{"line":264,"column":7}}]},"12":{"loc":{"start":{"line":284,"column":6},"end":{"line":286,"column":7}},"type":"if","locations":[{"start":{"line":284,"column":6},"end":{"line":286,"column":7}}]},"13":{"loc":{"start":{"line":284,"column":10},"end":{"line":284,"column":53}},"type":"binary-expr","locations":[{"start":{"line":284,"column":10},"end":{"line":284,"column":27}},{"start":{"line":284,"column":31},"end":{"line":284,"column":53}}]},"14":{"loc":{"start":{"line":306,"column":6},"end":{"line":310,"column":7}},"type":"if","locations":[{"start":{"line":306,"column":6},"end":{"line":310,"column":7}}]},"15":{"loc":{"start":{"line":329,"column":6},"end":{"line":334,"column":7}},"type":"if","locations":[{"start":{"line":329,"column":6},"end":{"line":334,"column":7}}]},"16":{"loc":{"start":{"line":338,"column":6},"end":{"line":347,"column":7}},"type":"if","locations":[{"start":{"line":338,"column":6},"end":{"line":347,"column":7}},{"start":{"line":343,"column":13},"end":{"line":347,"column":7}}]},"17":{"loc":{"start":{"line":339,"column":8},"end":{"line":340,"column":50}},"type":"binary-expr","locations":[{"start":{"line":339,"column":8},"end":{"line":339,"column":42}},{"start":{"line":340,"column":8},"end":{"line":340,"column":50}}]},"18":{"loc":{"start":{"line":363,"column":6},"end":{"line":368,"column":7}},"type":"if","locations":[{"start":{"line":363,"column":6},"end":{"line":368,"column":7}}]},"19":{"loc":{"start":{"line":372,"column":6},"end":{"line":381,"column":7}},"type":"if","locations":[{"start":{"line":372,"column":6},"end":{"line":381,"column":7}},{"start":{"line":377,"column":13},"end":{"line":381,"column":7}}]},"20":{"loc":{"start":{"line":373,"column":8},"end":{"line":374,"column":50}},"type":"binary-expr","locations":[{"start":{"line":373,"column":8},"end":{"line":373,"column":42}},{"start":{"line":374,"column":8},"end":{"line":374,"column":50}}]},"21":{"loc":{"start":{"line":398,"column":6},"end":{"line":402,"column":7}},"type":"if","locations":[{"start":{"line":398,"column":6},"end":{"line":402,"column":7}}]},"22":{"loc":{"start":{"line":421,"column":6},"end":{"line":426,"column":7}},"type":"if","locations":[{"start":{"line":421,"column":6},"end":{"line":426,"column":7}}]},"23":{"loc":{"start":{"line":430,"column":6},"end":{"line":439,"column":7}},"type":"if","locations":[{"start":{"line":430,"column":6},"end":{"line":439,"column":7}},{"start":{"line":435,"column":13},"end":{"line":439,"column":7}}]},"24":{"loc":{"start":{"line":431,"column":8},"end":{"line":432,"column":50}},"type":"binary-expr","locations":[{"start":{"line":431,"column":8},"end":{"line":431,"column":42}},{"start":{"line":432,"column":8},"end":{"line":432,"column":50}}]},"25":{"loc":{"start":{"line":445,"column":4},"end":{"line":447,"column":5}},"type":"if","locations":[{"start":{"line":445,"column":4},"end":{"line":447,"column":5}}]},"26":{"loc":{"start":{"line":482,"column":6},"end":{"line":484,"column":7}},"type":"if","locations":[{"start":{"line":482,"column":6},"end":{"line":484,"column":7}}]}},"s":{"0":1,"1":1,"2":1,"3":26,"4":6,"5":6,"6":6,"7":6,"8":4,"9":4,"10":2,"11":2,"12":1,"13":1,"14":4,"15":2,"16":2,"17":2,"18":2,"19":2,"20":2,"21":1,"22":1,"23":1,"24":2,"25":2,"26":2,"27":2,"28":2,"29":2,"30":1,"31":1,"32":1,"33":4,"34":1,"35":3,"36":3,"37":3,"38":3,"39":2,"40":1,"41":2,"42":3,"43":2,"44":1,"45":1,"46":1,"47":1,"48":1,"49":0,"50":1,"51":2,"52":2,"53":2,"54":2,"55":1,"56":1,"57":2,"58":2,"59":2,"60":2,"61":1,"62":1,"63":2,"64":2,"65":2,"66":1,"67":1,"68":2,"69":2,"70":2,"71":2,"72":1,"73":1,"74":0,"75":0,"76":0,"77":0,"78":0,"79":0,"80":0,"81":0,"82":3,"83":3,"84":3,"85":3,"86":1,"87":2,"88":1,"89":1,"90":0,"91":0,"92":0,"93":0,"94":0,"95":0,"96":0,"97":0,"98":0,"99":0,"100":0,"101":0,"102":0,"103":0,"104":0,"105":0,"106":0,"107":0,"108":0,"109":0,"110":0,"111":0,"112":0,"113":0,"114":0,"115":0,"116":0,"117":0,"118":0,"119":0,"120":0,"121":0,"122":0,"123":0,"124":0,"125":0,"126":0,"127":0,"128":0,"129":0,"130":0,"131":0,"132":0,"133":0,"134":0,"135":0,"136":0,"137":0,"138":0,"139":0,"140":0,"141":0,"142":0,"143":0,"144":0,"145":0,"146":0,"147":0,"148":0,"149":0,"150":0,"151":0,"152":0,"153":0,"154":0,"155":0,"156":0,"157":0,"158":1,"159":1},"f":{"0":26,"1":6,"2":2,"3":2,"4":4,"5":3,"6":2,"7":2,"8":2,"9":2,"10":0,"11":3,"12":0,"13":0,"14":0,"15":0,"16":0,"17":0,"18":0},"b":{"0":[2],"1":[1],"2":[2],"3":[4,3],"4":[1],"5":[1],"6":[1],"7":[4,3],"8":[1],"9":[1],"10":[0],"11":[1],"12":[0],"13":[0,0],"14":[0],"15":[0],"16":[0,0],"17":[0,0],"18":[0],"19":[0,0],"20":[0,0],"21":[0],"22":[0],"23":[0,0],"24":[0,0],"25":[0],"26":[0]}}
,"/home/jevdev2304/Documents/UdeM/06-semestre/desarrollo-web/Api_Mercury/mercury-api/src/user/controller/user/user.controller.ts": {"path":"/home/jevdev2304/Documents/UdeM/06-semestre/desarrollo-web/Api_Mercury/mercury-api/src/user/controller/user/user.controller.ts","statementMap":{"0":{"start":{"line":1,"column":0},"end":{"line":1,"column":64}},"1":{"start":{"line":2,"column":0},"end":{"line":2,"column":57}},"2":{"start":{"line":4,"column":0},"end":{"line":4,"column":84}},"3":{"start":{"line":5,"column":0},"end":{"line":5,"column":62}},"4":{"start":{"line":6,"column":0},"end":{"line":6,"column":61}},"5":{"start":{"line":7,"column":0},"end":{"line":7,"column":62}},"6":{"start":{"line":11,"column":7},"end":{"line":44,"column":null}},"7":{"start":{"line":12,"column":33},"end":{"line":12,"column":46}},"8":{"start":{"line":17,"column":29},"end":{"line":17,"column":77}},"9":{"start":{"line":18,"column":12},"end":{"line":18,"column":null}},"10":{"start":{"line":25,"column":29},"end":{"line":25,"column":77}},"11":{"start":{"line":26,"column":12},"end":{"line":26,"column":null}},"12":{"start":{"line":38,"column":34},"end":{"line":38,"column":54}},"13":{"start":{"line":39,"column":29},"end":{"line":39,"column":79}},"14":{"start":{"line":40,"column":40},"end":{"line":40,"column":48}},"15":{"start":{"line":41,"column":12},"end":{"line":41,"column":24}},"16":{"start":{"line":11,"column":13},"end":{"line":11,"column":27}},"17":{"start":{"line":16,"column":10},"end":{"line":19,"column":null}},"18":{"start":{"line":24,"column":10},"end":{"line":27,"column":null}},"19":{"start":{"line":34,"column":10},"end":{"line":42,"column":null}},"20":{"start":{"line":11,"column":13},"end":{"line":44,"column":null}}},"fnMap":{"0":{"name":"(anonymous_4)","decl":{"start":{"line":12,"column":4},"end":{"line":12,"column":33}},"loc":{"start":{"line":12,"column":57},"end":{"line":12,"column":61}}},"1":{"name":"(anonymous_5)","decl":{"start":{"line":16,"column":4},"end":{"line":16,"column":9}},"loc":{"start":{"line":16,"column":58},"end":{"line":19,"column":9}}},"2":{"name":"(anonymous_6)","decl":{"start":{"line":24,"column":4},"end":{"line":24,"column":9}},"loc":{"start":{"line":24,"column":58},"end":{"line":27,"column":9}}},"3":{"name":"(anonymous_7)","decl":{"start":{"line":34,"column":4},"end":{"line":34,"column":9}},"loc":{"start":{"line":35,"column":35},"end":{"line":42,"column":9}}}},"branchMap":{},"s":{"0":0,"1":0,"2":0,"3":0,"4":0,"5":0,"6":0,"7":0,"8":0,"9":0,"10":0,"11":0,"12":0,"13":0,"14":0,"15":0,"16":0,"17":0,"18":0,"19":0,"20":0},"f":{"0":0,"1":0,"2":0,"3":0},"b":{}}
,"/home/jevdev2304/Documents/UdeM/06-semestre/desarrollo-web/Api_Mercury/mercury-api/src/user/services/user.service.ts": {"path":"/home/jevdev2304/Documents/UdeM/06-semestre/desarrollo-web/Api_Mercury/mercury-api/src/user/services/user.service.ts","statementMap":{"0":{"start":{"line":1,"column":0},"end":{"line":1,"column":160}},"1":{"start":{"line":2,"column":0},"end":{"line":2,"column":66}},"2":{"start":{"line":5,"column":0},"end":{"line":5,"column":64}},"3":{"start":{"line":8,"column":7},"end":{"line":107,"column":null}},"4":{"start":{"line":10,"column":21},"end":{"line":10,"column":38}},"5":{"start":{"line":11,"column":21},"end":{"line":11,"column":34}},"6":{"start":{"line":15,"column":4},"end":{"line":33,"column":5}},"7":{"start":{"line":16,"column":6},"end":{"line":16,"column":74}},"8":{"start":{"line":18,"column":6},"end":{"line":18,"column":46}},"9":{"start":{"line":20,"column":6},"end":{"line":22,"column":7}},"10":{"start":{"line":21,"column":8},"end":{"line":21,"column":20}},"11":{"start":{"line":23,"column":6},"end":{"line":30,"column":7}},"12":{"start":{"line":24,"column":8},"end":{"line":26,"column":9}},"13":{"start":{"line":25,"column":10},"end":{"line":25,"column":91}},"14":{"start":{"line":27,"column":8},"end":{"line":29,"column":9}},"15":{"start":{"line":28,"column":10},"end":{"line":28,"column":61}},"16":{"start":{"line":32,"column":6},"end":{"line":32,"column":99}},"17":{"start":{"line":37,"column":18},"end":{"line":37,"column":62}},"18":{"start":{"line":38,"column":4},"end":{"line":38,"column":44}},"19":{"start":{"line":42,"column":18},"end":{"line":42,"column":59}},"20":{"start":{"line":43,"column":19},"end":{"line":43,"column":54}},"21":{"start":{"line":45,"column":4},"end":{"line":51,"column":5}},"22":{"start":{"line":46,"column":6},"end":{"line":46,"column":28}},"23":{"start":{"line":47,"column":11},"end":{"line":51,"column":5}},"24":{"start":{"line":48,"column":6},"end":{"line":48,"column":72}},"25":{"start":{"line":50,"column":6},"end":{"line":50,"column":87}},"26":{"start":{"line":55,"column":27},"end":{"line":55,"column":77}},"27":{"start":{"line":56,"column":18},"end":{"line":58,"column":98}},"28":{"start":{"line":60,"column":19},"end":{"line":62,"column":63}},"29":{"start":{"line":64,"column":4},"end":{"line":64,"column":43}},"30":{"start":{"line":68,"column":4},"end":{"line":70,"column":5}},"31":{"start":{"line":69,"column":6},"end":{"line":69,"column":79}},"32":{"start":{"line":72,"column":29},"end":{"line":72,"column":64}},"33":{"start":{"line":73,"column":4},"end":{"line":75,"column":5}},"34":{"start":{"line":74,"column":6},"end":{"line":74,"column":70}},"35":{"start":{"line":77,"column":4},"end":{"line":77,"column":52}},"36":{"start":{"line":78,"column":40},"end":{"line":78,"column":47}},"37":{"start":{"line":79,"column":17},"end":{"line":79,"column":61}},"38":{"start":{"line":81,"column":24},"end":{"line":91,"column":6}},"39":{"start":{"line":93,"column":25},"end":{"line":102,"column":6}},"40":{"start":{"line":104,"column":4},"end":{"line":104,"column":54}},"41":{"start":{"line":105,"column":4},"end":{"line":105,"column":41}},"42":{"start":{"line":8,"column":13},"end":{"line":8,"column":24}},"43":{"start":{"line":8,"column":13},"end":{"line":107,"column":null}}},"fnMap":{"0":{"name":"(anonymous_2)","decl":{"start":{"line":9,"column":2},"end":{"line":9,"column":null}},"loc":{"start":{"line":11,"column":45},"end":{"line":12,"column":6}}},"1":{"name":"(anonymous_3)","decl":{"start":{"line":14,"column":10},"end":{"line":14,"column":15}},"loc":{"start":{"line":14,"column":56},"end":{"line":34,"column":3}}},"2":{"name":"(anonymous_4)","decl":{"start":{"line":36,"column":2},"end":{"line":36,"column":7}},"loc":{"start":{"line":36,"column":37},"end":{"line":39,"column":3}}},"3":{"name":"(anonymous_5)","decl":{"start":{"line":41,"column":2},"end":{"line":41,"column":7}},"loc":{"start":{"line":41,"column":31},"end":{"line":52,"column":3}}},"4":{"name":"(anonymous_6)","decl":{"start":{"line":54,"column":2},"end":{"line":54,"column":7}},"loc":{"start":{"line":54,"column":38},"end":{"line":65,"column":3}}},"5":{"name":"(anonymous_7)","decl":{"start":{"line":67,"column":2},"end":{"line":67,"column":7}},"loc":{"start":{"line":67,"column":41},"end":{"line":106,"column":3}}}},"branchMap":{"0":{"loc":{"start":{"line":20,"column":6},"end":{"line":22,"column":7}},"type":"if","locations":[{"start":{"line":20,"column":6},"end":{"line":22,"column":7}}]},"1":{"loc":{"start":{"line":23,"column":6},"end":{"line":30,"column":7}},"type":"if","locations":[{"start":{"line":23,"column":6},"end":{"line":30,"column":7}}]},"2":{"loc":{"start":{"line":23,"column":10},"end":{"line":23,"column":49}},"type":"binary-expr","locations":[{"start":{"line":23,"column":10},"end":{"line":23,"column":35}},{"start":{"line":23,"column":39},"end":{"line":23,"column":49}}]},"3":{"loc":{"start":{"line":24,"column":8},"end":{"line":26,"column":9}},"type":"if","locations":[{"start":{"line":24,"column":8},"end":{"line":26,"column":9}}]},"4":{"loc":{"start":{"line":27,"column":8},"end":{"line":29,"column":9}},"type":"if","locations":[{"start":{"line":27,"column":8},"end":{"line":29,"column":9}}]},"5":{"loc":{"start":{"line":27,"column":12},"end":{"line":27,"column":60}},"type":"binary-expr","locations":[{"start":{"line":27,"column":12},"end":{"line":27,"column":34}},{"start":{"line":27,"column":38},"end":{"line":27,"column":60}}]},"6":{"loc":{"start":{"line":32,"column":73},"end":{"line":32,"column":95}},"type":"binary-expr","locations":[{"start":{"line":32,"column":73},"end":{"line":32,"column":86}},{"start":{"line":32,"column":90},"end":{"line":32,"column":95}}]},"7":{"loc":{"start":{"line":45,"column":4},"end":{"line":51,"column":5}},"type":"if","locations":[{"start":{"line":45,"column":4},"end":{"line":51,"column":5}},{"start":{"line":47,"column":11},"end":{"line":51,"column":5}}]},"8":{"loc":{"start":{"line":47,"column":11},"end":{"line":51,"column":5}},"type":"if","locations":[{"start":{"line":47,"column":11},"end":{"line":51,"column":5}},{"start":{"line":49,"column":11},"end":{"line":51,"column":5}}]},"9":{"loc":{"start":{"line":56,"column":18},"end":{"line":58,"column":98}},"type":"cond-expr","locations":[{"start":{"line":57,"column":8},"end":{"line":57,"column":111}},{"start":{"line":58,"column":8},"end":{"line":58,"column":98}}]},"10":{"loc":{"start":{"line":60,"column":19},"end":{"line":62,"column":63}},"type":"cond-expr","locations":[{"start":{"line":61,"column":8},"end":{"line":61,"column":91}},{"start":{"line":62,"column":8},"end":{"line":62,"column":63}}]},"11":{"loc":{"start":{"line":68,"column":4},"end":{"line":70,"column":5}},"type":"if","locations":[{"start":{"line":68,"column":4},"end":{"line":70,"column":5}}]},"12":{"loc":{"start":{"line":73,"column":4},"end":{"line":75,"column":5}},"type":"if","locations":[{"start":{"line":73,"column":4},"end":{"line":75,"column":5}}]}},"s":{"0":2,"1":2,"2":2,"3":2,"4":18,"5":18,"6":18,"7":18,"8":12,"9":12,"10":0,"11":12,"12":8,"13":4,"14":4,"15":4,"16":4,"17":0,"18":0,"19":2,"20":2,"21":2,"22":2,"23":0,"24":0,"25":0,"26":8,"27":8,"28":8,"29":8,"30":10,"31":5,"32":10,"33":10,"34":2,"35":8,"36":8,"37":8,"38":8,"39":8,"40":8,"41":2,"42":2,"43":2},"f":{"0":18,"1":18,"2":0,"3":2,"4":8,"5":10},"b":{"0":[0],"1":[8],"2":[12,12],"3":[4],"4":[4],"5":[4,0],"6":[4,4],"7":[2,0],"8":[0,0],"9":[4,4],"10":[4,4],"11":[5],"12":[2]}}
}
