TN:
SF:src/app.controller.ts
FN:6,(anonymous_2)
FN:9,(anonymous_3)
FNF:2
FNH:0
FNDA:0,(anonymous_2)
FNDA:0,(anonymous_3)
DA:1,0
DA:2,0
DA:5,0
DA:6,0
DA:9,0
DA:10,0
LF:6
LH:0
BRF:0
BRH:0
end_of_record
TN:
SF:src/app.service.ts
FN:5,(anonymous_1)
FNF:1
FNH:0
FNDA:0,(anonymous_1)
DA:1,0
DA:4,0
DA:6,0
LF:3
LH:0
BRF:0
BRH:0
end_of_record
TN:
SF:src/artist/controllers/artist/artist.controller.ts
FN:14,(anonymous_4)
FN:18,(anonymous_5)
FN:27,(anonymous_6)
FN:37,(anonymous_7)
FN:53,(anonymous_8)
FNF:5
FNH:0
FNDA:0,(anonymous_4)
FNDA:0,(anonymous_5)
FNDA:0,(anonymous_6)
FNDA:0,(anonymous_7)
FNDA:0,(anonymous_8)
DA:1,0
DA:2,0
DA:3,0
DA:7,0
DA:8,0
DA:9,0
DA:13,0
DA:14,0
DA:18,0
DA:19,0
DA:20,0
DA:27,0
DA:28,0
DA:29,0
DA:37,0
DA:41,0
DA:42,0
DA:43,0
DA:44,0
DA:53,0
DA:56,0
DA:57,0
LF:22
LH:0
BRF:0
BRH:0
end_of_record
TN:
SF:src/artist/services/artist.service.ts
FN:9,(anonymous_2)
FN:12,(anonymous_3)
FN:27,(anonymous_4)
FN:56,(anonymous_5)
FN:91,(anonymous_6)
FN:149,(anonymous_7)
FNF:6
FNH:0
FNDA:0,(anonymous_2)
FNDA:0,(anonymous_3)
FNDA:0,(anonymous_4)
FNDA:0,(anonymous_5)
FNDA:0,(anonymous_6)
FNDA:0,(anonymous_7)
DA:1,1
DA:2,1
DA:5,1
DA:8,1
DA:9,0
DA:10,0
DA:13,0
DA:16,0
DA:17,0
DA:18,0
DA:19,0
DA:20,0
DA:23,0
DA:24,0
DA:30,0
DA:31,0
DA:32,0
DA:33,0
DA:34,0
DA:35,0
DA:37,0
DA:38,0
DA:42,0
DA:47,0
DA:48,0
DA:50,0
DA:51,0
DA:59,0
DA:60,0
DA:61,0
DA:62,0
DA:64,0
DA:65,0
DA:67,0
DA:68,0
DA:69,0
DA:72,0
DA:73,0
DA:74,0
DA:77,0
DA:78,0
DA:80,0
DA:81,0
DA:84,0
DA:92,0
DA:93,0
DA:95,0
DA:96,0
DA:98,0
DA:99,0
DA:101,0
DA:102,0
DA:103,0
DA:106,0
DA:107,0
DA:110,0
DA:121,0
DA:131,0
DA:132,0
DA:135,0
DA:136,0
DA:138,0
DA:139,0
DA:142,0
DA:146,0
DA:152,0
DA:153,0
DA:154,0
DA:155,0
DA:157,0
DA:158,0
DA:163,0
DA:164,0
DA:168,0
LF:74
LH:4
BRDA:34,0,0,0
BRDA:34,0,1,0
BRDA:37,1,0,0
BRDA:37,1,1,0
BRDA:47,2,0,0
BRDA:59,3,0,0
BRDA:59,3,1,0
BRDA:72,4,0,0
BRDA:72,4,1,0
BRDA:77,5,0,0
BRDA:77,5,1,0
BRDA:80,6,0,0
BRDA:80,6,1,0
BRDA:80,7,0,0
BRDA:80,7,1,0
BRDA:92,8,0,0
BRDA:98,9,0,0
BRDA:135,10,0,0
BRDA:135,10,1,0
BRDA:138,11,0,0
BRDA:138,11,1,0
BRDA:138,12,0,0
BRDA:138,12,1,0
BRDA:163,13,0,0
BRF:24
BRH:0
end_of_record
TN:
SF:src/auth/controllers/auth.controller.ts
FN:9,(anonymous_4)
FN:13,(anonymous_5)
FNF:2
FNH:0
FNDA:0,(anonymous_4)
FNDA:0,(anonymous_5)
DA:1,0
DA:2,0
DA:3,0
DA:4,0
DA:8,0
DA:9,0
DA:13,0
DA:14,0
DA:15,0
LF:9
LH:0
BRDA:14,0,0,0
BRDA:14,0,1,0
BRDA:14,0,2,0
BRF:3
BRH:0
end_of_record
TN:
SF:src/auth/services/auth.service.ts
FN:12,(anonymous_2)
FN:19,(anonymous_3)
FN:40,(anonymous_4)
FNF:3
FNH:2
FNDA:5,(anonymous_2)
FNDA:0,(anonymous_3)
FNDA:5,(anonymous_4)
DA:1,1
DA:2,1
DA:3,1
DA:4,1
DA:5,1
DA:6,1
DA:11,1
DA:13,5
DA:14,5
DA:15,5
DA:16,5
DA:17,5
DA:20,0
DA:22,0
DA:23,0
DA:24,0
DA:25,0
DA:28,0
DA:29,0
DA:30,0
DA:31,0
DA:33,0
DA:37,0
DA:44,5
DA:46,5
DA:47,2
DA:48,2
DA:49,3
DA:50,2
DA:51,2
DA:54,1
DA:57,4
DA:58,4
DA:60,2
DA:63,2
LF:35
LH:24
BRDA:22,0,0,0
BRDA:22,0,1,0
BRDA:22,1,0,0
BRDA:22,1,1,0
BRDA:22,1,2,0
BRDA:29,2,0,0
BRDA:29,3,0,0
BRDA:29,3,1,0
BRDA:29,3,2,0
BRDA:46,4,0,2
BRDA:46,4,1,3
BRDA:49,5,0,2
BRDA:49,5,1,1
BRF:13
BRH:4
end_of_record
TN:
SF:src/crypt/services/hash.service.ts
FN:6,(anonymous_1)
FN:10,(anonymous_2)
FN:15,(anonymous_3)
FN:26,(anonymous_4)
FNF:4
FNH:0
FNDA:0,(anonymous_1)
FNDA:0,(anonymous_2)
FNDA:0,(anonymous_3)
FNDA:0,(anonymous_4)
DA:1,2
DA:2,2
DA:6,2
DA:7,0
DA:11,0
DA:16,0
DA:17,0
DA:21,0
DA:22,0
DA:27,0
DA:28,0
DA:32,0
LF:12
LH:3
BRDA:11,0,0,0
BRDA:11,0,1,0
BRDA:16,1,0,0
BRDA:27,2,0,0
BRDA:27,3,0,0
BRDA:27,3,1,0
BRF:6
BRH:0
end_of_record
TN:
SF:src/database/database.service.ts
FN:6,(anonymous_2)
FN:11,(anonymous_3)
FNF:2
FNH:0
FNDA:0,(anonymous_2)
FNDA:0,(anonymous_3)
DA:1,3
DA:2,3
DA:5,3
DA:6,0
DA:12,0
DA:13,0
DA:14,0
DA:16,0
DA:17,0
DA:18,0
DA:19,0
DA:21,0
DA:22,0
DA:24,0
LF:14
LH:3
BRDA:11,0,0,0
BRF:1
BRH:0
end_of_record
TN:
SF:src/message/services/message.service.ts
FNF:0
FNH:0
DA:1,0
DA:4,0
LF:2
LH:0
BRF:0
BRH:0
end_of_record
TN:
SF:src/music/controllers/album.controller.ts
FN:12,(anonymous_4)
FN:18,(anonymous_5)
FN:31,(anonymous_6)
FN:41,(anonymous_7)
FN:49,(anonymous_8)
FN:59,(anonymous_9)
FN:72,(anonymous_10)
FN:86,(anonymous_11)
FN:101,(anonymous_12)
FNF:9
FNH:0
FNDA:0,(anonymous_4)
FNDA:0,(anonymous_5)
FNDA:0,(anonymous_6)
FNDA:0,(anonymous_7)
FNDA:0,(anonymous_8)
FNDA:0,(anonymous_9)
FNDA:0,(anonymous_10)
FNDA:0,(anonymous_11)
FNDA:0,(anonymous_12)
DA:1,0
DA:2,0
DA:4,0
DA:5,0
DA:6,0
DA:7,0
DA:11,0
DA:12,0
DA:18,0
DA:20,0
DA:21,0
DA:31,0
DA:33,0
DA:34,0
DA:41,0
DA:43,0
DA:44,0
DA:49,0
DA:50,0
DA:52,0
DA:53,0
DA:59,0
DA:60,0
DA:62,0
DA:63,0
DA:72,0
DA:76,0
DA:77,0
DA:78,0
DA:86,0
DA:90,0
DA:91,0
DA:92,0
DA:101,0
DA:104,0
DA:105,0
LF:36
LH:0
BRF:0
BRH:0
end_of_record
TN:
SF:src/music/controllers/playlist.controller.ts
FN:12,(anonymous_4)
FN:18,(anonymous_5)
FN:28,(anonymous_6)
FN:36,(anonymous_7)
FN:48,(anonymous_8)
FNF:5
FNH:0
FNDA:0,(anonymous_4)
FNDA:0,(anonymous_5)
FNDA:0,(anonymous_6)
FNDA:0,(anonymous_7)
FNDA:0,(anonymous_8)
DA:1,0
DA:2,0
DA:4,0
DA:5,0
DA:6,0
DA:7,0
DA:11,0
DA:12,0
DA:18,0
DA:20,0
DA:21,0
DA:28,0
DA:30,0
DA:31,0
DA:36,0
DA:38,0
DA:39,0
DA:48,0
DA:52,0
DA:53,0
DA:54,0
LF:21
LH:0
BRF:0
BRH:0
end_of_record
TN:
SF:src/music/controllers/song.controller.ts
FN:20,(anonymous_4)
FN:26,(anonymous_5)
FN:37,(anonymous_6)
FN:53,(anonymous_7)
FN:71,(anonymous_8)
FN:89,(anonymous_9)
FN:108,(anonymous_10)
FN:127,(anonymous_11)
FN:146,(anonymous_12)
FN:162,(anonymous_13)
FN:177,(anonymous_14)
FN:192,(anonymous_15)
FN:205,(anonymous_16)
FN:213,(anonymous_17)
FN:226,(anonymous_18)
FN:255,(anonymous_20)
FN:270,(anonymous_21)
FN:285,(anonymous_22)
FNF:18
FNH:0
FNDA:0,(anonymous_4)
FNDA:0,(anonymous_5)
FNDA:0,(anonymous_6)
FNDA:0,(anonymous_7)
FNDA:0,(anonymous_8)
FNDA:0,(anonymous_9)
FNDA:0,(anonymous_10)
FNDA:0,(anonymous_11)
FNDA:0,(anonymous_12)
FNDA:0,(anonymous_13)
FNDA:0,(anonymous_14)
FNDA:0,(anonymous_15)
FNDA:0,(anonymous_16)
FNDA:0,(anonymous_17)
FNDA:0,(anonymous_18)
FNDA:0,(anonymous_20)
FNDA:0,(anonymous_21)
FNDA:0,(anonymous_22)
DA:1,0
DA:2,0
DA:4,0
DA:14,0
DA:15,0
DA:16,0
DA:19,0
DA:20,0
DA:26,0
DA:27,0
DA:28,0
DA:37,0
DA:41,0
DA:42,0
DA:43,0
DA:47,0
DA:53,0
DA:57,0
DA:58,0
DA:59,0
DA:63,0
DA:71,0
DA:75,0
DA:76,0
DA:77,0
DA:81,0
DA:89,0
DA:93,0
DA:94,0
DA:95,0
DA:99,0
DA:108,0
DA:112,0
DA:113,0
DA:114,0
DA:118,0
DA:127,0
DA:131,0
DA:132,0
DA:133,0
DA:137,0
DA:146,0
DA:150,0
DA:152,0
DA:153,0
DA:162,0
DA:166,0
DA:167,0
DA:168,0
DA:177,0
DA:181,0
DA:182,0
DA:183,0
DA:192,0
DA:196,0
DA:197,0
DA:198,0
DA:205,0
DA:206,0
DA:207,0
DA:213,0
DA:214,0
DA:216,0
DA:217,0
DA:226,0
DA:230,0
DA:231,0
DA:232,0
DA:242,0
DA:245,0
DA:246,0
DA:255,0
DA:259,0
DA:260,0
DA:261,0
DA:270,0
DA:274,0
DA:275,0
DA:276,0
DA:285,0
DA:288,0
DA:289,0
LF:82
LH:0
BRF:0
BRH:0
end_of_record
TN:
SF:src/music/services/album.service.ts
FN:8,(anonymous_2)
FN:11,(anonymous_3)
FN:18,(anonymous_4)
FN:29,(anonymous_5)
FN:41,(anonymous_6)
FN:53,(anonymous_7)
FN:63,(anonymous_8)
FN:84,(anonymous_9)
FN:95,(anonymous_10)
FN:121,(anonymous_11)
FNF:10
FNH:0
FNDA:0,(anonymous_2)
FNDA:0,(anonymous_3)
FNDA:0,(anonymous_4)
FNDA:0,(anonymous_5)
FNDA:0,(anonymous_6)
FNDA:0,(anonymous_7)
FNDA:0,(anonymous_8)
FNDA:0,(anonymous_9)
FNDA:0,(anonymous_10)
FNDA:0,(anonymous_11)
DA:1,0
DA:2,0
DA:7,0
DA:8,0
DA:12,0
DA:13,0
DA:15,0
DA:19,0
DA:20,0
DA:22,0
DA:23,0
DA:25,0
DA:30,0
DA:31,0
DA:33,0
DA:34,0
DA:35,0
DA:37,0
DA:42,0
DA:43,0
DA:45,0
DA:46,0
DA:47,0
DA:49,0
DA:54,0
DA:56,0
DA:57,0
DA:59,0
DA:64,0
DA:65,0
DA:67,0
DA:68,0
DA:69,0
DA:70,0
DA:72,0
DA:73,0
DA:75,0
DA:77,0
DA:78,0
DA:80,0
DA:85,0
DA:86,0
DA:88,0
DA:89,0
DA:91,0
DA:96,0
DA:97,0
DA:98,0
DA:101,0
DA:102,0
DA:104,0
DA:110,0
DA:112,0
DA:113,0
DA:115,0
DA:118,0
DA:122,0
DA:123,0
DA:124,0
DA:127,0
DA:128,0
DA:130,0
DA:131,0
DA:133,0
LF:64
LH:0
BRDA:12,0,0,0
BRDA:35,1,0,0
BRDA:35,1,1,0
BRDA:47,2,0,0
BRDA:47,2,1,0
BRDA:69,3,0,0
BRDA:72,4,0,0
BRDA:77,5,0,0
BRDA:77,6,0,0
BRDA:77,6,1,0
BRDA:97,7,0,0
BRDA:123,8,0,0
BRF:12
BRH:0
end_of_record
TN:
SF:src/music/services/playlist.service.ts
FN:14,(anonymous_2)
FN:16,(anonymous_3)
FN:30,(anonymous_4)
FN:39,(anonymous_5)
FN:51,(anonymous_6)
FN:85,(anonymous_7)
FNF:6
FNH:0
FNDA:0,(anonymous_2)
FNDA:0,(anonymous_3)
FNDA:0,(anonymous_4)
FNDA:0,(anonymous_5)
FNDA:0,(anonymous_6)
FNDA:0,(anonymous_7)
DA:1,0
DA:8,0
DA:13,0
DA:14,0
DA:17,0
DA:18,0
DA:20,0
DA:21,0
DA:22,0
DA:23,0
DA:25,0
DA:33,0
DA:34,0
DA:35,0
DA:36,0
DA:42,0
DA:44,0
DA:47,0
DA:48,0
DA:52,0
DA:53,0
DA:54,0
DA:56,0
DA:57,0
DA:59,0
DA:61,0
DA:63,0
DA:73,0
DA:81,0
DA:82,0
DA:86,0
DA:87,0
DA:89,0
DA:91,0
DA:92,0
DA:93,0
DA:95,0
DA:96,0
DA:100,0
LF:39
LH:0
BRDA:20,0,0,0
BRDA:20,0,1,0
BRDA:22,1,0,0
BRDA:22,1,1,0
BRDA:56,2,0,0
BRDA:91,3,0,0
BRDA:92,4,0,0
BRDA:95,5,0,0
BRDA:100,6,0,0
BRDA:100,6,1,0
BRF:10
BRH:0
end_of_record
TN:
SF:src/music/services/song.service.ts
FN:13,(anonymous_2)
FN:15,(anonymous_3)
FN:42,(anonymous_4)
FN:64,(anonymous_5)
FN:88,(anonymous_6)
FN:115,(anonymous_7)
FN:145,(anonymous_8)
FN:164,(anonymous_9)
FN:183,(anonymous_10)
FN:198,(anonymous_11)
FN:218,(anonymous_12)
FN:247,(anonymous_13)
FN:271,(anonymous_14)
FN:293,(anonymous_15)
FN:317,(anonymous_16)
FN:351,(anonymous_17)
FN:385,(anonymous_18)
FN:409,(anonymous_19)
FN:443,(anonymous_20)
FNF:19
FNH:11
FNDA:26,(anonymous_2)
FNDA:6,(anonymous_3)
FNDA:2,(anonymous_4)
FNDA:2,(anonymous_5)
FNDA:4,(anonymous_6)
FNDA:3,(anonymous_7)
FNDA:2,(anonymous_8)
FNDA:2,(anonymous_9)
FNDA:2,(anonymous_10)
FNDA:2,(anonymous_11)
FNDA:0,(anonymous_12)
FNDA:3,(anonymous_13)
FNDA:0,(anonymous_14)
FNDA:0,(anonymous_15)
FNDA:0,(anonymous_16)
FNDA:0,(anonymous_17)
FNDA:0,(anonymous_18)
FNDA:0,(anonymous_19)
FNDA:0,(anonymous_20)
DA:1,1
DA:7,1
DA:12,1
DA:13,26
DA:16,6
DA:17,6
DA:19,6
DA:20,6
DA:24,4
DA:26,4
DA:27,2
DA:28,1
DA:32,4
DA:36,2
DA:38,2
DA:45,2
DA:46,2
DA:48,2
DA:49,2
DA:54,1
DA:55,1
DA:58,1
DA:67,2
DA:68,2
DA:69,2
DA:70,2
DA:72,2
DA:73,2
DA:78,1
DA:79,1
DA:82,1
DA:89,4
DA:90,1
DA:96,3
DA:97,3
DA:99,3
DA:100,3
DA:105,2
DA:106,1
DA:109,2
DA:117,3
DA:118,2
DA:119,1
DA:123,1
DA:129,1
DA:132,1
DA:133,1
DA:138,0
DA:143,1
DA:148,2
DA:150,2
DA:152,2
DA:153,2
DA:157,1
DA:159,1
DA:167,2
DA:169,2
DA:171,2
DA:172,2
DA:176,1
DA:178,1
DA:186,2
DA:188,2
DA:189,2
DA:190,1
DA:192,1
DA:201,2
DA:203,2
DA:205,2
DA:206,2
DA:210,1
DA:212,1
DA:221,0
DA:223,0
DA:231,0
DA:232,0
DA:236,0
DA:238,0
DA:239,0
DA:241,0
DA:250,3
DA:252,3
DA:253,3
DA:254,3
DA:258,1
DA:260,2
DA:261,1
DA:265,1
DA:274,0
DA:275,0
DA:276,0
DA:277,0
DA:281,0
DA:283,0
DA:284,0
DA:285,0
DA:287,0
DA:296,0
DA:298,0
DA:299,0
DA:300,0
DA:304,0
DA:306,0
DA:307,0
DA:311,0
DA:319,0
DA:320,0
DA:322,0
DA:323,0
DA:329,0
DA:331,0
DA:336,0
DA:338,0
DA:342,0
DA:344,0
DA:353,0
DA:354,0
DA:356,0
DA:357,0
DA:363,0
DA:365,0
DA:370,0
DA:372,0
DA:376,0
DA:378,0
DA:388,0
DA:390,0
DA:391,0
DA:392,0
DA:396,0
DA:398,0
DA:399,0
DA:403,0
DA:411,0
DA:412,0
DA:414,0
DA:415,0
DA:421,0
DA:423,0
DA:428,0
DA:430,0
DA:434,0
DA:436,0
DA:444,0
DA:445,0
DA:446,0
DA:448,0
DA:451,0
DA:454,0
DA:467,0
DA:479,0
DA:480,0
DA:482,0
DA:483,0
DA:485,0
DA:490,0
LF:156
LH:79
BRDA:26,0,0,2
BRDA:27,1,0,1
BRDA:32,2,0,2
BRDA:33,3,0,4
BRDA:33,3,1,3
BRDA:54,4,0,1
BRDA:78,5,0,1
BRDA:89,6,0,1
BRDA:89,7,0,4
BRDA:89,7,1,3
BRDA:105,8,0,1
BRDA:118,9,0,1
BRDA:238,10,0,0
BRDA:260,11,0,1
BRDA:284,12,0,0
BRDA:284,13,0,0
BRDA:284,13,1,0
BRDA:306,14,0,0
BRDA:329,15,0,0
BRDA:338,16,0,0
BRDA:338,16,1,0
BRDA:339,17,0,0
BRDA:339,17,1,0
BRDA:363,18,0,0
BRDA:372,19,0,0
BRDA:372,19,1,0
BRDA:373,20,0,0
BRDA:373,20,1,0
BRDA:398,21,0,0
BRDA:421,22,0,0
BRDA:430,23,0,0
BRDA:430,23,1,0
BRDA:431,24,0,0
BRDA:431,24,1,0
BRDA:445,25,0,0
BRDA:482,26,0,0
BRF:36
BRH:13
end_of_record
TN:
SF:src/user/controller/user/user.controller.ts
FN:12,(anonymous_4)
FN:16,(anonymous_5)
FN:24,(anonymous_6)
FN:34,(anonymous_7)
FNF:4
FNH:0
FNDA:0,(anonymous_4)
FNDA:0,(anonymous_5)
FNDA:0,(anonymous_6)
FNDA:0,(anonymous_7)
DA:1,0
DA:2,0
DA:4,0
DA:5,0
DA:6,0
DA:7,0
DA:11,0
DA:12,0
DA:16,0
DA:17,0
DA:18,0
DA:24,0
DA:25,0
DA:26,0
DA:34,0
DA:38,0
DA:39,0
DA:40,0
DA:41,0
LF:19
LH:0
BRF:0
BRH:0
end_of_record
TN:
SF:src/user/services/user.service.ts
FN:9,(anonymous_2)
FN:14,(anonymous_3)
FN:36,(anonymous_4)
FN:41,(anonymous_5)
FN:54,(anonymous_6)
FN:67,(anonymous_7)
FNF:6
FNH:5
FNDA:18,(anonymous_2)
FNDA:18,(anonymous_3)
FNDA:0,(anonymous_4)
FNDA:2,(anonymous_5)
FNDA:8,(anonymous_6)
FNDA:10,(anonymous_7)
DA:1,2
DA:2,2
DA:5,2
DA:8,2
DA:10,18
DA:11,18
DA:15,18
DA:16,18
DA:18,12
DA:20,12
DA:21,0
DA:23,12
DA:24,8
DA:25,4
DA:27,4
DA:28,4
DA:32,4
DA:37,0
DA:38,0
DA:42,2
DA:43,2
DA:45,2
DA:46,2
DA:47,0
DA:48,0
DA:50,0
DA:55,8
DA:56,8
DA:60,8
DA:64,8
DA:68,10
DA:69,5
DA:72,10
DA:73,10
DA:74,2
DA:77,8
DA:78,8
DA:79,8
DA:81,8
DA:93,8
DA:104,8
DA:105,2
LF:42
LH:36
BRDA:20,0,0,0
BRDA:23,1,0,8
BRDA:23,2,0,12
BRDA:23,2,1,12
BRDA:24,3,0,4
BRDA:27,4,0,4
BRDA:27,5,0,4
BRDA:27,5,1,0
BRDA:32,6,0,4
BRDA:32,6,1,4
BRDA:45,7,0,2
BRDA:45,7,1,0
BRDA:47,8,0,0
BRDA:47,8,1,0
BRDA:56,9,0,4
BRDA:56,9,1,4
BRDA:60,10,0,4
BRDA:60,10,1,4
BRDA:68,11,0,5
BRDA:73,12,0,2
BRF:20
BRH:15
end_of_record
